<?xml version="1.0" encoding="UTF-8" standalone="no"?><testsuite errors="0" failures="0" name="Post" skipped="0" tests="6" time="2.88" timestamp="2022-05-14 10:56:25"><testcase name="Successful Create Category"/><testcase name="Failed Create Category With Combine String and character"/><testcase name="Failed Create Category With Combine Int"/><testcase name="Failed Create Category With Combine int and character"/><testcase name="Failed Create Category With Combine Character and Int"/><testcase name="Failed Create Category Without Body"/></testsuite>