<?xml version="1.0" encoding="UTF-8" standalone="no"?><testsuite errors="0" failures="0" name="Get Categories" skipped="0" tests="13" time="5.12" timestamp="2022-05-14 10:56:32"><testcase name="Get All Categories"/><testcase name="Get Category by ID"/><testcase name="Get Invalid Categories with Wrong URL1"/><testcase name="Get Invalid Categories with Wrong URL2"/><testcase name="Get Invalid Categories with Wrong URL3"/><testcase name="Get Invalid Categories with Wrong URL4"/><testcase name="Get Invalid Categories with Wrong URL5"/><testcase name="Get Invalid Categories With Wrong Target Request1"/><testcase name="Get Invalid Categories With Wrong Target Request2"/><testcase name="Get Invalid Categories With Wrong Target Request3"/><testcase name="Get Invalid Categories With Wrong Target Request4"/><testcase name="Get Invalid Categories With Wrong Target Request5"/><testcase name="Get Invalid Categories With Wrong Target Request6"/></testsuite>