<?xml version="1.0" encoding="UTF-8"?>
<testsuite xmlns:xsi="http://www.w3.org/2001/XMLSchema-instance" xsi:noNamespaceSchemaLocation="https://maven.apache.org/surefire/maven-failsafe-plugin/xsd/failsafe-test-report-3.0.xsd" version="3.0" name="CucumberTestSuite" time="28.619" tests="40" errors="0" skipped="0" failures="0">
  <properties>
[...]
</properties>
  <testcase name="Get Product&apos;s Comment In AltaShop" classname="Get Product&apos;s Comments" time="3.596">
    <system-out><![CDATA[10:56:21.271 [main] INFO io.cucumber.core.plugin.SerenityReporter - Running feature from file:///D:/PERKULIAHAN/SEMESTER%206/KAMPUS%20MERDEKA/PROYEK_ALTERRA/TestingAPIALTA/src/test/resources/api/Comment.feature
10:56:21.282 [main] WARN io.cucumber.core.plugin.SerenityReporter - Feature from file:///D:/PERKULIAHAN/SEMESTER%206/KAMPUS%20MERDEKA/PROYEK_ALTERRA/TestingAPIALTA/src/test/resources/api/Comment.feature is not under the 'features' directory. Requirements report will not be correctly generated!
10:56:21.494 [main] INFO  - 

-------------------------------------------------------------------------------------
     _______. _______ .______       _______ .__   __.  __  .___________.____    ____ 
    /       ||   ____||   _  \     |   ____||  \ |  | |  | |           |\   \  /   / 
   |   (----`|  |__   |  |_)  |    |  |__   |   \|  | |  | `---|  |----` \   \/   /  
    \   \    |   __|  |      /     |   __|  |  . `  | |  |     |  |       \_    _/   
.----)   |   |  |____ |  |\  \----.|  |____ |  |\   | |  |     |  |         |  |     
|_______/    |_______|| _| `._____||_______||__| \__| |__|     |__|         |__|    
                                                                                     
 News and tutorials at http://www.serenity-bdd.info                                  
 Documentation at https://wakaleo.gitbooks.io/the-serenity-book/content/             
 Join the Serenity Community on Gitter: https://gitter.im/serenity-bdd/serenity-core 
 Serenity BDD Support and Training at http://serenity-bdd.info/#/trainingandsupport  
-------------------------------------------------------------------------------------

10:56:21.496 [main] DEBUG net.thucydides.core.steps.StepEventBus - Test suite started for story net.thucydides.core.model.Story@fe4f270e
10:56:21.499 [main] INFO  - Test Suite Started: Get Product's Comments
10:56:21.516 [main] INFO io.cucumber.core.plugin.SerenityReporter - Running feature from file:///D:/PERKULIAHAN/SEMESTER%206/KAMPUS%20MERDEKA/PROYEK_ALTERRA/TestingAPIALTA/src/test/resources/api/CreateCategory.feature
10:56:21.516 [main] WARN io.cucumber.core.plugin.SerenityReporter - Feature from file:///D:/PERKULIAHAN/SEMESTER%206/KAMPUS%20MERDEKA/PROYEK_ALTERRA/TestingAPIALTA/src/test/resources/api/CreateCategory.feature is not under the 'features' directory. Requirements report will not be correctly generated!
10:56:21.523 [main] DEBUG net.thucydides.core.steps.StepEventBus - Test suite started for story net.thucydides.core.model.Story@32dbd578
10:56:21.527 [main] INFO  - Test Suite Started: Post
10:56:21.527 [main] INFO io.cucumber.core.plugin.SerenityReporter - Running feature from file:///D:/PERKULIAHAN/SEMESTER%206/KAMPUS%20MERDEKA/PROYEK_ALTERRA/TestingAPIALTA/src/test/resources/api/CreateComment.feature
10:56:21.527 [main] WARN io.cucumber.core.plugin.SerenityReporter - Feature from file:///D:/PERKULIAHAN/SEMESTER%206/KAMPUS%20MERDEKA/PROYEK_ALTERRA/TestingAPIALTA/src/test/resources/api/CreateComment.feature is not under the 'features' directory. Requirements report will not be correctly generated!
10:56:21.532 [main] DEBUG net.thucydides.core.steps.StepEventBus - Test suite started for story net.thucydides.core.model.Story@cd226998
10:56:21.532 [main] INFO  - Test Suite Started: Create Product's Comments
10:56:21.532 [main] INFO io.cucumber.core.plugin.SerenityReporter - Running feature from file:///D:/PERKULIAHAN/SEMESTER%206/KAMPUS%20MERDEKA/PROYEK_ALTERRA/TestingAPIALTA/src/test/resources/api/CreateProduct.feature
10:56:21.533 [main] WARN io.cucumber.core.plugin.SerenityReporter - Feature from file:///D:/PERKULIAHAN/SEMESTER%206/KAMPUS%20MERDEKA/PROYEK_ALTERRA/TestingAPIALTA/src/test/resources/api/CreateProduct.feature is not under the 'features' directory. Requirements report will not be correctly generated!
10:56:21.536 [main] DEBUG net.thucydides.core.steps.StepEventBus - Test suite started for story net.thucydides.core.model.Story@d2af2e23
10:56:21.537 [main] INFO  - Test Suite Started: Post Product
10:56:21.537 [main] INFO io.cucumber.core.plugin.SerenityReporter - Running feature from file:///D:/PERKULIAHAN/SEMESTER%206/KAMPUS%20MERDEKA/PROYEK_ALTERRA/TestingAPIALTA/src/test/resources/api/CreateRatings.feature
10:56:21.537 [main] WARN io.cucumber.core.plugin.SerenityReporter - Feature from file:///D:/PERKULIAHAN/SEMESTER%206/KAMPUS%20MERDEKA/PROYEK_ALTERRA/TestingAPIALTA/src/test/resources/api/CreateRatings.feature is not under the 'features' directory. Requirements report will not be correctly generated!
10:56:21.540 [main] DEBUG net.thucydides.core.steps.StepEventBus - Test suite started for story net.thucydides.core.model.Story@d5976803
10:56:21.541 [main] INFO  - Test Suite Started: Post Ratings
10:56:21.541 [main] INFO io.cucumber.core.plugin.SerenityReporter - Running feature from file:///D:/PERKULIAHAN/SEMESTER%206/KAMPUS%20MERDEKA/PROYEK_ALTERRA/TestingAPIALTA/src/test/resources/api/CreateTransaction.feature
10:56:21.541 [main] WARN io.cucumber.core.plugin.SerenityReporter - Feature from file:///D:/PERKULIAHAN/SEMESTER%206/KAMPUS%20MERDEKA/PROYEK_ALTERRA/TestingAPIALTA/src/test/resources/api/CreateTransaction.feature is not under the 'features' directory. Requirements report will not be correctly generated!
10:56:21.544 [main] DEBUG net.thucydides.core.steps.StepEventBus - Test suite started for story net.thucydides.core.model.Story@b07c64a7
10:56:21.548 [main] INFO  - Test Suite Started: Create Transaction
10:56:21.548 [main] INFO io.cucumber.core.plugin.SerenityReporter - Running feature from file:///D:/PERKULIAHAN/SEMESTER%206/KAMPUS%20MERDEKA/PROYEK_ALTERRA/TestingAPIALTA/src/test/resources/api/GetCategory.feature
10:56:21.548 [main] WARN io.cucumber.core.plugin.SerenityReporter - Feature from file:///D:/PERKULIAHAN/SEMESTER%206/KAMPUS%20MERDEKA/PROYEK_ALTERRA/TestingAPIALTA/src/test/resources/api/GetCategory.feature is not under the 'features' directory. Requirements report will not be correctly generated!
10:56:21.554 [main] DEBUG net.thucydides.core.steps.StepEventBus - Test suite started for story net.thucydides.core.model.Story@5402efb3
10:56:21.555 [main] INFO  - Test Suite Started: Get Categories
10:56:21.555 [main] INFO io.cucumber.core.plugin.SerenityReporter - Running feature from file:///D:/PERKULIAHAN/SEMESTER%206/KAMPUS%20MERDEKA/PROYEK_ALTERRA/TestingAPIALTA/src/test/resources/api/GetProduct.feature
10:56:21.555 [main] WARN io.cucumber.core.plugin.SerenityReporter - Feature from file:///D:/PERKULIAHAN/SEMESTER%206/KAMPUS%20MERDEKA/PROYEK_ALTERRA/TestingAPIALTA/src/test/resources/api/GetProduct.feature is not under the 'features' directory. Requirements report will not be correctly generated!
10:56:21.558 [main] DEBUG net.thucydides.core.steps.StepEventBus - Test suite started for story net.thucydides.core.model.Story@abd1521c
10:56:21.558 [main] INFO  - Test Suite Started: Get Products
10:56:21.558 [main] INFO io.cucumber.core.plugin.SerenityReporter - Running feature from file:///D:/PERKULIAHAN/SEMESTER%206/KAMPUS%20MERDEKA/PROYEK_ALTERRA/TestingAPIALTA/src/test/resources/api/GetTransaction.feature
10:56:21.558 [main] WARN io.cucumber.core.plugin.SerenityReporter - Feature from file:///D:/PERKULIAHAN/SEMESTER%206/KAMPUS%20MERDEKA/PROYEK_ALTERRA/TestingAPIALTA/src/test/resources/api/GetTransaction.feature is not under the 'features' directory. Requirements report will not be correctly generated!
10:56:21.561 [main] DEBUG net.thucydides.core.steps.StepEventBus - Test suite started for story net.thucydides.core.model.Story@d95beecb
10:56:21.561 [main] INFO  - Test Suite Started: Get All Transaction
10:56:21.561 [main] INFO io.cucumber.core.plugin.SerenityReporter - Running feature from file:///D:/PERKULIAHAN/SEMESTER%206/KAMPUS%20MERDEKA/PROYEK_ALTERRA/TestingAPIALTA/src/test/resources/api/Login.feature
10:56:21.561 [main] WARN io.cucumber.core.plugin.SerenityReporter - Feature from file:///D:/PERKULIAHAN/SEMESTER%206/KAMPUS%20MERDEKA/PROYEK_ALTERRA/TestingAPIALTA/src/test/resources/api/Login.feature is not under the 'features' directory. Requirements report will not be correctly generated!
10:56:21.564 [main] DEBUG net.thucydides.core.steps.StepEventBus - Test suite started for story net.thucydides.core.model.Story@5d422f72
10:56:21.564 [main] INFO  - Test Suite Started: Login
10:56:21.564 [main] INFO io.cucumber.core.plugin.SerenityReporter - Running feature from file:///D:/PERKULIAHAN/SEMESTER%206/KAMPUS%20MERDEKA/PROYEK_ALTERRA/TestingAPIALTA/src/test/resources/api/Rating.feature
10:56:21.564 [main] WARN io.cucumber.core.plugin.SerenityReporter - Feature from file:///D:/PERKULIAHAN/SEMESTER%206/KAMPUS%20MERDEKA/PROYEK_ALTERRA/TestingAPIALTA/src/test/resources/api/Rating.feature is not under the 'features' directory. Requirements report will not be correctly generated!
10:56:21.567 [main] DEBUG net.thucydides.core.steps.StepEventBus - Test suite started for story net.thucydides.core.model.Story@10c4c97c
10:56:21.567 [main] INFO  - Test Suite Started: Get Ratings
10:56:21.567 [main] INFO io.cucumber.core.plugin.SerenityReporter - Running feature from file:///D:/PERKULIAHAN/SEMESTER%206/KAMPUS%20MERDEKA/PROYEK_ALTERRA/TestingAPIALTA/src/test/resources/api/Register.feature
10:56:21.567 [main] WARN io.cucumber.core.plugin.SerenityReporter - Feature from file:///D:/PERKULIAHAN/SEMESTER%206/KAMPUS%20MERDEKA/PROYEK_ALTERRA/TestingAPIALTA/src/test/resources/api/Register.feature is not under the 'features' directory. Requirements report will not be correctly generated!
10:56:21.570 [main] DEBUG net.thucydides.core.steps.StepEventBus - Test suite started for story net.thucydides.core.model.Story@88bd7fde
10:56:21.571 [main] INFO  - Test Suite Started: Register
10:56:21.571 [main] INFO io.cucumber.core.plugin.SerenityReporter - Running feature from file:///D:/PERKULIAHAN/SEMESTER%206/KAMPUS%20MERDEKA/PROYEK_ALTERRA/TestingAPIALTA/src/test/resources/api/Comment.feature
10:56:21.571 [main] WARN io.cucumber.core.plugin.SerenityReporter - Feature from file:///D:/PERKULIAHAN/SEMESTER%206/KAMPUS%20MERDEKA/PROYEK_ALTERRA/TestingAPIALTA/src/test/resources/api/Comment.feature is not under the 'features' directory. Requirements report will not be correctly generated!
10:56:21.573 [main] DEBUG net.thucydides.core.steps.StepEventBus - Test suite started for story net.thucydides.core.model.Story@fe4f270e
10:56:21.573 [main] INFO  - Test Suite Started: Get Product's Comments

@get-product-comments
Scenario: Get Product's Comment In AltaShop     &amp#27;[90m# src/test/resources/api/Comment.feature:3&amp#27;[0m
10:56:21.683 [main] INFO io.cucumber.core.plugin.SerenityReporter - Running feature from file:///D:/PERKULIAHAN/SEMESTER%206/KAMPUS%20MERDEKA/PROYEK_ALTERRA/TestingAPIALTA/src/test/resources/api/Comment.feature
10:56:21.683 [main] WARN io.cucumber.core.plugin.SerenityReporter - Feature from file:///D:/PERKULIAHAN/SEMESTER%206/KAMPUS%20MERDEKA/PROYEK_ALTERRA/TestingAPIALTA/src/test/resources/api/Comment.feature is not under the 'features' directory. Requirements report will not be correctly generated!
10:56:21.791 [main] INFO  - 
  _____   ___   ___   _____     ___   _____     _     ___   _____   ___   ___  
 |_   _| | __| / __| |_   _|   / __| |_   _|   /_\   | _ \ |_   _| | __| |   \ 
   | |   | _|  \__ \   | |     \__ \   | |    / _ \  |   /   | |   | _|  | |) |
   |_|   |___| |___/   |_|     |___/   |_|   /_/ \_\ |_|_\   |_|   |___| |___/ 

Get Product's Comment In AltaShop(get-product-s-comments;get-product-s-comment-in-altashop)
--------------------------------------------------------------------------------
10:56:22.153 [main] DEBUG net.thucydides.core.steps.StepInterceptor - STARTING STEP: GetCommentStep.setGetAPIComment - I set GET api endpoints for get comment
10:56:22.161 [main] DEBUG net.thucydides.core.steps.StepInterceptor - STEP DONE: I set GET api endpoints for get comment
  &amp#27;[32mGiven &amp#27;[0m&amp#27;[32mI set GET api endpoints for get comment&amp#27;[0m &amp#27;[90m# starter.stepdefinitions.GetCommentStep.setGetAPIComment()&amp#27;[0m
10:56:22.176 [main] DEBUG net.thucydides.core.steps.StepInterceptor - STARTING STEP: GetCommentStep.getHTTPRequest - I send GET HTTP Request for get comment
10:56:23.511 [main] DEBUG net.thucydides.core.steps.StepInterceptor - STARTING STEP: Comment.getHTTPRequestforComment - I set GET api endpoints for get comment
10:56:23.511 [main] DEBUG net.thucydides.core.steps.StepInterceptor - STEP DONE: I set GET api endpoints for get comment
10:56:24.621 [main] DEBUG org.apache.http.impl.conn.BasicClientConnectionManager - Get connection for route {s}->https://be-qa.alta.id:443
10:56:24.643 [main] DEBUG org.apache.http.impl.conn.DefaultClientConnectionOperator - Connecting to be-qa.alta.id:443
10:56:24.944 [main] DEBUG org.apache.http.client.protocol.RequestAddCookies - CookieSpec selected: ignoreCookies
10:56:24.946 [main] DEBUG org.apache.http.client.protocol.RequestAuthCache - Auth cache not set in the context
10:56:24.946 [main] DEBUG org.apache.http.client.protocol.RequestTargetAuthentication - Target auth state: UNCHALLENGED
10:56:24.946 [main] DEBUG org.apache.http.client.protocol.RequestProxyAuthentication - Proxy auth state: UNCHALLENGED
10:56:24.947 [main] DEBUG org.apache.http.impl.client.DefaultHttpClient - Attempt 1 to execute request
10:56:24.947 [main] DEBUG org.apache.http.impl.conn.DefaultClientConnection - Sending request: GET /api/products/1/comments HTTP/1.1
10:56:24.947 [main] DEBUG org.apache.http.wire -  >> "GET /api/products/1/comments HTTP/1.1[\r][\n]"
10:56:24.948 [main] DEBUG org.apache.http.wire -  >> "Accept: */*[\r][\n]"
10:56:24.948 [main] DEBUG org.apache.http.wire -  >> "Host: be-qa.alta.id[\r][\n]"
10:56:24.948 [main] DEBUG org.apache.http.wire -  >> "Connection: Keep-Alive[\r][\n]"
10:56:24.948 [main] DEBUG org.apache.http.wire -  >> "User-Agent: Apache-HttpClient/4.5.13 (Java/1.8.0_241)[\r][\n]"
10:56:24.948 [main] DEBUG org.apache.http.wire -  >> "Accept-Encoding: gzip,deflate[\r][\n]"
10:56:24.948 [main] DEBUG org.apache.http.wire -  >> "[\r][\n]"
10:56:24.948 [main] DEBUG org.apache.http.headers - >> GET /api/products/1/comments HTTP/1.1
10:56:24.948 [main] DEBUG org.apache.http.headers - >> Accept: */*
10:56:24.948 [main] DEBUG org.apache.http.headers - >> Host: be-qa.alta.id
10:56:24.948 [main] DEBUG org.apache.http.headers - >> Connection: Keep-Alive
10:56:24.948 [main] DEBUG org.apache.http.headers - >> User-Agent: Apache-HttpClient/4.5.13 (Java/1.8.0_241)
10:56:24.948 [main] DEBUG org.apache.http.headers - >> Accept-Encoding: gzip,deflate
10:56:24.991 [main] DEBUG org.apache.http.wire -  << "HTTP/1.1 200 OK[\r][\n]"
10:56:24.992 [main] DEBUG org.apache.http.wire -  << "Server: nginx/1.14.2[\r][\n]"
10:56:24.992 [main] DEBUG org.apache.http.wire -  << "Date: Sat, 14 May 2022 03:56:24 GMT[\r][\n]"
10:56:24.992 [main] DEBUG org.apache.http.wire -  << "Content-Type: application/json[\r][\n]"
10:56:24.992 [main] DEBUG org.apache.http.wire -  << "Transfer-Encoding: chunked[\r][\n]"
10:56:24.992 [main] DEBUG org.apache.http.wire -  << "Connection: keep-alive[\r][\n]"
10:56:24.992 [main] DEBUG org.apache.http.wire -  << "[\r][\n]"
10:56:24.993 [main] DEBUG org.apache.http.impl.conn.DefaultClientConnection - Receiving response: HTTP/1.1 200 OK
10:56:24.993 [main] DEBUG org.apache.http.headers - << HTTP/1.1 200 OK
10:56:24.993 [main] DEBUG org.apache.http.headers - << Server: nginx/1.14.2
10:56:24.993 [main] DEBUG org.apache.http.headers - << Date: Sat, 14 May 2022 03:56:24 GMT
10:56:24.993 [main] DEBUG org.apache.http.headers - << Content-Type: application/json
10:56:24.993 [main] DEBUG org.apache.http.headers - << Transfer-Encoding: chunked
10:56:24.993 [main] DEBUG org.apache.http.headers - << Connection: keep-alive
10:56:24.999 [main] DEBUG org.apache.http.impl.client.DefaultHttpClient - Connection can be kept alive indefinitely
10:56:25.017 [main] DEBUG io.restassured.internal.RequestSpecificationImpl$RestAssuredHttpBuilder - Parsing response as: application/json
10:56:25.017 [main] DEBUG io.restassured.internal.RequestSpecificationImpl$RestAssuredHttpBuilder - Parsed data to instance of: class org.apache.http.conn.EofSensorInputStream
10:56:25.056 [main] DEBUG org.apache.http.wire -  << "fa8[\r][\n]"
10:56:25.057 [main] DEBUG org.apache.http.wire -  << "{"data":[{"ID":2,"Content":"Sangat bagus, produk berfungsi dengan baik","User":null,"Product":null,"Comment":null},{"ID":30,"Content":"mantap nih","User":null,"Product":null,"Comment":null},{"ID":34,"Content":"mantap nih","User":null,"Product":null,"Comment":null},{"ID":35,"Content":"mantap gan","User":null,"Product":null,"Comment":null},{"ID":36,"Content":"mantap nih","User":null,"Product":null,"Comment":null},{"ID":38,"Content":"mantap nih","User":null,"Product":null,"Comment":null},{"ID":39,"Content":"mantap nih","User":null,"Product":null,"Comment":null},{"ID":51,"Content":"mantap gan","User":null,"Product":null,"Comment":null},{"ID":54,"Content":"mantap gan","User":null,"Product":null,"Comment":null},{"ID":55,"Content":"mantap gan","User":null,"Product":null,"Comment":null},{"ID":56,"Content":"mantap gan","User":null,"Product":null,"Comment":null},{"ID":69,"Content":"Sangat bagus, produk berfungsi dengan baik","User":null,"Product":null,"Comment":null},{"ID":70,"Content":"Sangat bagus, produk berfungsi dengan baik","User":null,"Product":null,"Comment":null},{"ID":71,"Content":"Sangat bagus, produk berfungsi dengan baik","User":null,"Product":null,"Comment":null},{"ID":72,"Content":"Sangat bagus, produk berfungsi dengan baik","User":null,"Product":null,"Comment":null},{"ID":74,"Content":"Sangat bagus, produk berfungsi dengan baik","User":null,"Product":null,"Comment":null},{"ID":76,"Content":"Sangat bagus, produk berfungsi dengan baik","User":null,"Product":null,"Comment":null},{"ID":77,"Content":"Sangat bagus, produk berfungsi dengan baik","User":null,"Product":null,"Comment":null},{"ID":78,"Content":"Sangat bagus, produk berfungsi dengan baik","User":null,"Product":null,"Comment":null},{"ID":79,"Content":"Sangat bagus, produk berfungsi dengan baik","User":null,"Product":null,"Comment":null},{"ID":80,"Content":"Sangat bagus, produk berfungsi dengan baik","User":null,"Product":null,"Comment":null},{"ID":81,"Content":"Sangat bagus, produk berfungsi dengan baik","User":null,"Product":null,"Comment":null},{"ID":82,"Content":"Sangat bagus, produk berfungsi dengan baik","User":null,"Product":null,"Comment":null},{"ID":106,"Content":"mantap nih","User":null,"Product":null,"Comment":null},{"ID":107,"Content":"mantap nih","User":null,"Product":null,"Comment":null},{"ID":109,"Content":"mantap nih","User":null,"Product":null,"Comment":null},{"ID":111,"Content":"mantap nih","User":null,"Product":null,"Comment":null},{"ID":112,"Content":"mantap nih","User":null,"Product":null,"Comment":null},{"ID":113,"Content":"mantap nih","User":null,"Product":null,"Comment":null},{"ID":115,"Content":"mantap nih","User":null,"Product":null,"Comment":null},{"ID":198,"Content":"mantap nihchchch","User":null,"Product":null,"Comment":null},{"ID":199,"Content":"oke mantap","User":null,"Product":null,"Comment":null},{"ID":211,"Content":"mantap nih","User":null,"Product":null,"Comment":null},{"ID":212,"Content":"jelek nih","User":null,"Product":null,"Comment":null},{"ID":213,"Content":"jelek nih","User":null,"Product":null,"Comment":null},{"ID":225,"Content":"mantap gan","User":null,"Product":null,"Comment":null},{"ID":311,"Content":"mantap gan","User":null,"Product":null,"Comment":null},{"ID":353,"Content":"g mantap nih","User":null,"Product":null,"Comment":null},{"ID":411,"Content":"mantap nih","User":null,"Product":null,"Comment":null},{"ID":460,"Content":"Sangat bagus, produk berfungsi dengan baik","User":null,"Product":null,"Comment":null},{"ID":461,"Content":"Sangat bagus, produk berfungsi dengan baik","User":null,"Product":null,"Comment":null},{"ID":462,"Content":"Sangat bagus, produk berfungsi dengan baik","User":null,"Product":null,"Comment":null},{"ID":463,"Content":"Sangat bagus, produk berfungsi dengan baik","User":null,"Product":null,"Comment":null},{"ID":464,"Content":"Sangat bagus, produk berfungsi dengan baik","User":null,"Product":null,"Comment":null},{"ID":465,"Content":"Sangat bagus, produk berfungsi dengan baik","User":null,"Product":null,"Comm"
10:56:25.057 [main] DEBUG org.apache.http.wire -  << "[\r][\n]"
10:56:25.058 [main] DEBUG org.apache.http.wire -  << "361[\r][\n]"
10:56:25.058 [main] DEBUG org.apache.http.wire -  << "ent":null},{"ID":466,"Content":"Sangat bagus, produk berfungsi dengan baik","User":null,"Product":null,"Comment":null},{"ID":467,"Content":"Sangat bagus, produk berfungsi dengan baik","User":null,"Product":null,"Comment":null},{"ID":480,"Content":"mantap gan","User":null,"Product":null,"Comment":null},{"ID":481,"Content":"mantap gan","User":null,"Product":null,"Comment":null},{"ID":485,"Content":"mantap gan","User":null,"Product":null,"Comment":null},{"ID":486,"Content":"mantap gan","User":null,"Product":null,"Comment":null},{"ID":487,"Content":"mantap gan","User":null,"Product":null,"Comment":null},{"ID":539,"Content":"keren sih","User":null,"Product":null,"Comment":null},{"ID":545,"Content":"mantap nihh","User":null,"Product":null,"Comment":null},{"ID":550,"Content":"mantap cuyy, nggak sia sia beli disini","User":null,"Product":null,"Comment":null}]}[\n]"
10:56:25.058 [main] DEBUG org.apache.http.wire -  << "[\r][\n]"
10:56:25.058 [main] DEBUG org.apache.http.wire -  << "0[\r][\n]"
10:56:25.058 [main] DEBUG org.apache.http.wire -  << "[\r][\n]"
10:56:25.058 [main] DEBUG org.apache.http.impl.conn.BasicClientConnectionManager - Releasing connection org.apache.http.impl.conn.ManagedClientConnectionImpl@16134476
10:56:25.058 [main] DEBUG org.apache.http.impl.conn.BasicClientConnectionManager - Connection can be kept alive indefinitely
10:56:25.099 [main] DEBUG net.thucydides.core.steps.StepInterceptor - STEP DONE: I send GET HTTP Request for get comment
  &amp#27;[32mWhen &amp#27;[0m&amp#27;[32mI send GET HTTP Request for get comment&amp#27;[0m  &amp#27;[90m# starter.stepdefinitions.GetCommentStep.getHTTPRequest()&amp#27;[0m
10:56:25.125 [main] DEBUG net.thucydides.core.steps.StepInterceptor - STARTING STEP: GetSteps.getValidHTTP - I receive valid HTTP response code 200
10:56:25.158 [main] DEBUG net.thucydides.core.steps.StepInterceptor - STEP DONE: I receive valid HTTP response code 200
  &amp#27;[32mThen &amp#27;[0m&amp#27;[32mI receive valid HTTP response code 200&amp#27;[0m   &amp#27;[90m# starter.stepdefinitions.GetSteps.getValidHTTP()&amp#27;[0m
10:56:25.165 [main] INFO  - 
  _____   ___   ___   _____     ___     _     ___   ___   ___   ___  
 |_   _| | __| / __| |_   _|   | _ \   /_\   / __| / __| | __| |   \ 
   | |   | _|  \__ \   | |     |  _/  / _ \  \__ \ \__ \ | _|  | |) |
   |_|   |___| |___/   |_|     |_|   /_/ \_\ |___/ |___/ |___| |___/ 

Get Product's Comment In AltaShop
----------------------------------------------------------------------
]]></system-out>
  </testcase>
  <testcase name="Get Wrong Product&apos;s Comment In AltaShop" classname="Get Product&apos;s Comments" time="0.382">
    <system-out><![CDATA[
@get-wrong-product-comments
Scenario: Get Wrong Product's Comment In AltaShop     &amp#27;[90m# src/test/resources/api/Comment.feature:10&amp#27;[0m
10:56:25.196 [main] INFO io.cucumber.core.plugin.SerenityReporter - Running feature from file:///D:/PERKULIAHAN/SEMESTER%206/KAMPUS%20MERDEKA/PROYEK_ALTERRA/TestingAPIALTA/src/test/resources/api/Comment.feature
10:56:25.196 [main] WARN io.cucumber.core.plugin.SerenityReporter - Feature from file:///D:/PERKULIAHAN/SEMESTER%206/KAMPUS%20MERDEKA/PROYEK_ALTERRA/TestingAPIALTA/src/test/resources/api/Comment.feature is not under the 'features' directory. Requirements report will not be correctly generated!
10:56:25.200 [main] INFO  - 
  _____   ___   ___   _____     ___   _____     _     ___   _____   ___   ___  
 |_   _| | __| / __| |_   _|   / __| |_   _|   /_\   | _ \ |_   _| | __| |   \ 
   | |   | _|  \__ \   | |     \__ \   | |    / _ \  |   /   | |   | _|  | |) |
   |_|   |___| |___/   |_|     |___/   |_|   /_/ \_\ |_|_\   |_|   |___| |___/ 

Get Wrong Product's Comment In AltaShop(get-product-s-comments;get-wrong-product-s-comment-in-altashop)
--------------------------------------------------------------------------------
10:56:25.235 [main] DEBUG net.thucydides.core.steps.StepInterceptor - STARTING STEP: GetCommentStep.setWrongGetAPIComment - I set wrong GET api endpoints for get comment
10:56:25.236 [main] DEBUG net.thucydides.core.steps.StepInterceptor - STEP DONE: I set wrong GET api endpoints for get comment
  &amp#27;[32mGiven &amp#27;[0m&amp#27;[32mI set wrong GET api endpoints for get comment&amp#27;[0m &amp#27;[90m# starter.stepdefinitions.GetCommentStep.setWrongGetAPIComment()&amp#27;[0m
10:56:25.250 [main] DEBUG net.thucydides.core.steps.StepInterceptor - STARTING STEP: GetCommentStep.getWrongHTTPRequestforComment - I send wrong GET HTTP Request for get comment
10:56:25.253 [main] DEBUG net.thucydides.core.steps.StepInterceptor - STARTING STEP: Comment.getWrongHTTPRequestforComment - I set wrong GET api endpoints for get comment
10:56:25.253 [main] DEBUG net.thucydides.core.steps.StepInterceptor - STEP DONE: I set wrong GET api endpoints for get comment
10:56:25.282 [main] DEBUG org.apache.http.impl.conn.BasicClientConnectionManager - Get connection for route {s}->https://be-qa.alta.id:443
10:56:25.282 [main] DEBUG org.apache.http.impl.conn.DefaultClientConnectionOperator - Connecting to be-qa.alta.id:443
10:56:25.481 [main] DEBUG org.apache.http.client.protocol.RequestAddCookies - CookieSpec selected: ignoreCookies
10:56:25.481 [main] DEBUG org.apache.http.client.protocol.RequestAuthCache - Auth cache not set in the context
10:56:25.482 [main] DEBUG org.apache.http.client.protocol.RequestTargetAuthentication - Target auth state: UNCHALLENGED
10:56:25.482 [main] DEBUG org.apache.http.client.protocol.RequestProxyAuthentication - Proxy auth state: UNCHALLENGED
10:56:25.482 [main] DEBUG org.apache.http.impl.client.DefaultHttpClient - Attempt 1 to execute request
10:56:25.482 [main] DEBUG org.apache.http.impl.conn.DefaultClientConnection - Sending request: GET /api/productscomments/403 HTTP/1.1
10:56:25.482 [main] DEBUG org.apache.http.wire -  >> "GET /api/productscomments/403 HTTP/1.1[\r][\n]"
10:56:25.482 [main] DEBUG org.apache.http.wire -  >> "Accept: */*[\r][\n]"
10:56:25.482 [main] DEBUG org.apache.http.wire -  >> "Host: be-qa.alta.id[\r][\n]"
10:56:25.482 [main] DEBUG org.apache.http.wire -  >> "Connection: Keep-Alive[\r][\n]"
10:56:25.482 [main] DEBUG org.apache.http.wire -  >> "User-Agent: Apache-HttpClient/4.5.13 (Java/1.8.0_241)[\r][\n]"
10:56:25.482 [main] DEBUG org.apache.http.wire -  >> "Accept-Encoding: gzip,deflate[\r][\n]"
10:56:25.482 [main] DEBUG org.apache.http.wire -  >> "[\r][\n]"
10:56:25.482 [main] DEBUG org.apache.http.headers - >> GET /api/productscomments/403 HTTP/1.1
10:56:25.482 [main] DEBUG org.apache.http.headers - >> Accept: */*
10:56:25.482 [main] DEBUG org.apache.http.headers - >> Host: be-qa.alta.id
10:56:25.482 [main] DEBUG org.apache.http.headers - >> Connection: Keep-Alive
10:56:25.482 [main] DEBUG org.apache.http.headers - >> User-Agent: Apache-HttpClient/4.5.13 (Java/1.8.0_241)
10:56:25.482 [main] DEBUG org.apache.http.headers - >> Accept-Encoding: gzip,deflate
10:56:25.520 [main] DEBUG org.apache.http.wire -  << "HTTP/1.1 404 Not Found[\r][\n]"
10:56:25.520 [main] DEBUG org.apache.http.wire -  << "Server: nginx/1.14.2[\r][\n]"
10:56:25.520 [main] DEBUG org.apache.http.wire -  << "Date: Sat, 14 May 2022 03:56:24 GMT[\r][\n]"
10:56:25.520 [main] DEBUG org.apache.http.wire -  << "Content-Type: text/plain; charset=utf-8[\r][\n]"
10:56:25.520 [main] DEBUG org.apache.http.wire -  << "Content-Length: 10[\r][\n]"
10:56:25.520 [main] DEBUG org.apache.http.wire -  << "Connection: keep-alive[\r][\n]"
10:56:25.520 [main] DEBUG org.apache.http.wire -  << "[\r][\n]"
10:56:25.520 [main] DEBUG org.apache.http.impl.conn.DefaultClientConnection - Receiving response: HTTP/1.1 404 Not Found
10:56:25.520 [main] DEBUG org.apache.http.headers - << HTTP/1.1 404 Not Found
10:56:25.520 [main] DEBUG org.apache.http.headers - << Server: nginx/1.14.2
10:56:25.520 [main] DEBUG org.apache.http.headers - << Date: Sat, 14 May 2022 03:56:24 GMT
10:56:25.520 [main] DEBUG org.apache.http.headers - << Content-Type: text/plain; charset=utf-8
10:56:25.520 [main] DEBUG org.apache.http.headers - << Content-Length: 10
10:56:25.520 [main] DEBUG org.apache.http.headers - << Connection: keep-alive
10:56:25.520 [main] DEBUG org.apache.http.impl.client.DefaultHttpClient - Connection can be kept alive indefinitely
10:56:25.521 [main] DEBUG io.restassured.internal.RequestSpecificationImpl$RestAssuredHttpBuilder - Parsing response as: text/plain; charset=utf-8
10:56:25.521 [main] DEBUG io.restassured.internal.RequestSpecificationImpl$RestAssuredHttpBuilder - Parsed data to instance of: class org.apache.http.conn.EofSensorInputStream
10:56:25.529 [main] DEBUG org.apache.http.wire -  << "not found[\n]"
10:56:25.529 [main] DEBUG org.apache.http.impl.conn.BasicClientConnectionManager - Releasing connection org.apache.http.impl.conn.ManagedClientConnectionImpl@4e375bba
10:56:25.529 [main] DEBUG org.apache.http.impl.conn.BasicClientConnectionManager - Connection can be kept alive indefinitely
10:56:25.529 [main] DEBUG net.thucydides.core.steps.StepInterceptor - STEP DONE: I send wrong GET HTTP Request for get comment
  &amp#27;[32mWhen &amp#27;[0m&amp#27;[32mI send wrong GET HTTP Request for get comment&amp#27;[0m  &amp#27;[90m# starter.stepdefinitions.GetCommentStep.getWrongHTTPRequestforComment()&amp#27;[0m
10:56:25.550 [main] DEBUG net.thucydides.core.steps.StepInterceptor - STARTING STEP: GetSteps.validHTTPResponse - I receive valid HTTP response code 404
10:56:25.551 [main] DEBUG net.thucydides.core.steps.StepInterceptor - STEP DONE: I receive valid HTTP response code 404
  &amp#27;[32mAnd &amp#27;[0m&amp#27;[32mI receive valid HTTP response code 404&amp#27;[0m          &amp#27;[90m# starter.stepdefinitions.GetSteps.validHTTPResponse()&amp#27;[0m
10:56:25.553 [main] INFO  - 
  _____   ___   ___   _____     ___     _     ___   ___   ___   ___  
 |_   _| | __| / __| |_   _|   | _ \   /_\   / __| / __| | __| |   \ 
   | |   | _|  \__ \   | |     |  _/  / _ \  \__ \ \__ \ | _|  | |) |
   |_|   |___| |___/   |_|     |_|   /_/ \_\ |___/ |___/ |___| |___/ 

Get Wrong Product's Comment In AltaShop
----------------------------------------------------------------------
]]></system-out>
  </testcase>
  <testcase name="Successful Create Category" classname="Post" time="0.932">
    <system-out><![CDATA[10:56:25.556 [main] INFO io.cucumber.core.plugin.SerenityReporter - Running feature from file:///D:/PERKULIAHAN/SEMESTER%206/KAMPUS%20MERDEKA/PROYEK_ALTERRA/TestingAPIALTA/src/test/resources/api/CreateCategory.feature
10:56:25.556 [main] WARN io.cucumber.core.plugin.SerenityReporter - Feature from file:///D:/PERKULIAHAN/SEMESTER%206/KAMPUS%20MERDEKA/PROYEK_ALTERRA/TestingAPIALTA/src/test/resources/api/CreateCategory.feature is not under the 'features' directory. Requirements report will not be correctly generated!
10:56:25.559 [main] DEBUG net.thucydides.core.steps.StepEventBus - Test suite started for story net.thucydides.core.model.Story@32dbd578
10:56:25.560 [main] INFO  - Test Suite Started: Post

@create-success-category
Scenario: Successful Create Category         &amp#27;[90m# src/test/resources/api/CreateCategory.feature:3&amp#27;[0m
10:56:25.575 [main] INFO io.cucumber.core.plugin.SerenityReporter - Running feature from file:///D:/PERKULIAHAN/SEMESTER%206/KAMPUS%20MERDEKA/PROYEK_ALTERRA/TestingAPIALTA/src/test/resources/api/CreateCategory.feature
10:56:25.575 [main] WARN io.cucumber.core.plugin.SerenityReporter - Feature from file:///D:/PERKULIAHAN/SEMESTER%206/KAMPUS%20MERDEKA/PROYEK_ALTERRA/TestingAPIALTA/src/test/resources/api/CreateCategory.feature is not under the 'features' directory. Requirements report will not be correctly generated!
10:56:25.577 [main] INFO  - 
  _____   ___   ___   _____     ___   _____     _     ___   _____   ___   ___  
 |_   _| | __| / __| |_   _|   / __| |_   _|   /_\   | _ \ |_   _| | __| |   \ 
   | |   | _|  \__ \   | |     \__ \   | |    / _ \  |   /   | |   | _|  | |) |
   |_|   |___| |___/   |_|     |___/   |_|   /_/ \_\ |_|_\   |_|   |___| |___/ 

Successful Create Category(post;successful-create-category)
--------------------------------------------------------------------------------
10:56:25.593 [main] DEBUG net.thucydides.core.steps.StepInterceptor - STARTING STEP: CreateSteps.setPostApi - I set POST api endpoints
10:56:25.593 [main] DEBUG net.thucydides.core.steps.StepInterceptor - STEP DONE: I set POST api endpoints
  &amp#27;[32mGiven &amp#27;[0m&amp#27;[32mI set POST api endpoints&amp#27;[0m             &amp#27;[90m# starter.stepdefinitions.CreateSteps.setPostApi()&amp#27;[0m
10:56:25.596 [main] DEBUG net.thucydides.core.steps.StepInterceptor - STARTING STEP: CreateSteps.sendPostHttp - I create new category
10:56:25.609 [main] DEBUG net.thucydides.core.steps.StepInterceptor - STARTING STEP: Create.sendPostHttp - I set POST api endpoints
10:56:25.609 [main] DEBUG net.thucydides.core.steps.StepInterceptor - STEP DONE: I set POST api endpoints
10:56:25.653 [main] DEBUG org.apache.http.impl.conn.BasicClientConnectionManager - Get connection for route {s}->https://be-qa.alta.id:443
10:56:25.654 [main] DEBUG org.apache.http.impl.conn.DefaultClientConnectionOperator - Connecting to be-qa.alta.id:443
10:56:25.929 [main] DEBUG org.apache.http.client.protocol.RequestAddCookies - CookieSpec selected: ignoreCookies
10:56:25.929 [main] DEBUG org.apache.http.client.protocol.RequestAuthCache - Auth cache not set in the context
10:56:25.929 [main] DEBUG org.apache.http.client.protocol.RequestTargetAuthentication - Target auth state: UNCHALLENGED
10:56:25.929 [main] DEBUG org.apache.http.client.protocol.RequestProxyAuthentication - Proxy auth state: UNCHALLENGED
10:56:25.929 [main] DEBUG org.apache.http.impl.client.DefaultHttpClient - Attempt 1 to execute request
10:56:25.929 [main] DEBUG org.apache.http.impl.conn.DefaultClientConnection - Sending request: POST /api/categories HTTP/1.1
10:56:25.929 [main] DEBUG org.apache.http.wire -  >> "POST /api/categories HTTP/1.1[\r][\n]"
10:56:25.929 [main] DEBUG org.apache.http.wire -  >> "Accept: */*[\r][\n]"
10:56:25.930 [main] DEBUG org.apache.http.wire -  >> "Content-Type: application/json[\r][\n]"
10:56:25.930 [main] DEBUG org.apache.http.wire -  >> "Content-Length: 20[\r][\n]"
10:56:25.930 [main] DEBUG org.apache.http.wire -  >> "Host: be-qa.alta.id[\r][\n]"
10:56:25.930 [main] DEBUG org.apache.http.wire -  >> "Connection: Keep-Alive[\r][\n]"
10:56:25.930 [main] DEBUG org.apache.http.wire -  >> "User-Agent: Apache-HttpClient/4.5.13 (Java/1.8.0_241)[\r][\n]"
10:56:25.930 [main] DEBUG org.apache.http.wire -  >> "Accept-Encoding: gzip,deflate[\r][\n]"
10:56:25.930 [main] DEBUG org.apache.http.wire -  >> "[\r][\n]"
10:56:25.930 [main] DEBUG org.apache.http.headers - >> POST /api/categories HTTP/1.1
10:56:25.930 [main] DEBUG org.apache.http.headers - >> Accept: */*
10:56:25.930 [main] DEBUG org.apache.http.headers - >> Content-Type: application/json
10:56:25.930 [main] DEBUG org.apache.http.headers - >> Content-Length: 20
10:56:25.930 [main] DEBUG org.apache.http.headers - >> Host: be-qa.alta.id
10:56:25.930 [main] DEBUG org.apache.http.headers - >> Connection: Keep-Alive
10:56:25.930 [main] DEBUG org.apache.http.headers - >> User-Agent: Apache-HttpClient/4.5.13 (Java/1.8.0_241)
10:56:25.930 [main] DEBUG org.apache.http.headers - >> Accept-Encoding: gzip,deflate
10:56:25.930 [main] DEBUG org.apache.http.wire -  >> "{"name":"kesehatan"}"
10:56:25.971 [main] DEBUG org.apache.http.wire -  << "HTTP/1.1 200 OK[\r][\n]"
10:56:25.972 [main] DEBUG org.apache.http.wire -  << "Server: nginx/1.14.2[\r][\n]"
10:56:25.972 [main] DEBUG org.apache.http.wire -  << "Date: Sat, 14 May 2022 03:56:25 GMT[\r][\n]"
10:56:25.972 [main] DEBUG org.apache.http.wire -  << "Content-Type: application/json[\r][\n]"
10:56:25.972 [main] DEBUG org.apache.http.wire -  << "Content-Length: 57[\r][\n]"
10:56:25.972 [main] DEBUG org.apache.http.wire -  << "Connection: keep-alive[\r][\n]"
10:56:25.972 [main] DEBUG org.apache.http.wire -  << "[\r][\n]"
10:56:25.972 [main] DEBUG org.apache.http.impl.conn.DefaultClientConnection - Receiving response: HTTP/1.1 200 OK
10:56:25.972 [main] DEBUG org.apache.http.headers - << HTTP/1.1 200 OK
10:56:25.972 [main] DEBUG org.apache.http.headers - << Server: nginx/1.14.2
10:56:25.972 [main] DEBUG org.apache.http.headers - << Date: Sat, 14 May 2022 03:56:25 GMT
10:56:25.972 [main] DEBUG org.apache.http.headers - << Content-Type: application/json
10:56:25.972 [main] DEBUG org.apache.http.headers - << Content-Length: 57
10:56:25.972 [main] DEBUG org.apache.http.headers - << Connection: keep-alive
10:56:25.972 [main] DEBUG org.apache.http.impl.client.DefaultHttpClient - Connection can be kept alive indefinitely
10:56:25.972 [main] DEBUG io.restassured.internal.RequestSpecificationImpl$RestAssuredHttpBuilder - Parsing response as: application/json
10:56:25.972 [main] DEBUG io.restassured.internal.RequestSpecificationImpl$RestAssuredHttpBuilder - Parsed data to instance of: class org.apache.http.conn.EofSensorInputStream
10:56:25.974 [main] DEBUG org.apache.http.wire -  << "{"data":{"ID":1637,"Name":"kesehatan","Description":""}}[\n]"
10:56:25.974 [main] DEBUG org.apache.http.impl.conn.BasicClientConnectionManager - Releasing connection org.apache.http.impl.conn.ManagedClientConnectionImpl@421d54b3
10:56:25.974 [main] DEBUG org.apache.http.impl.conn.BasicClientConnectionManager - Connection can be kept alive indefinitely
10:56:25.974 [main] DEBUG net.thucydides.core.steps.StepInterceptor - STEP DONE: I create new category
  &amp#27;[32mWhen &amp#27;[0m&amp#27;[32mI create new category&amp#27;[0m                 &amp#27;[90m# starter.stepdefinitions.CreateSteps.sendPostHttp()&amp#27;[0m
10:56:25.979 [main] DEBUG net.thucydides.core.steps.StepInterceptor - STARTING STEP: GetSteps.getValidHTTP - I receive valid HTTP response code 200
10:56:25.979 [main] DEBUG net.thucydides.core.steps.StepInterceptor - STEP DONE: I receive valid HTTP response code 200
  &amp#27;[32mAnd &amp#27;[0m&amp#27;[32mI receive valid HTTP response code 200&amp#27;[0m &amp#27;[90m# starter.stepdefinitions.GetSteps.getValidHTTP()&amp#27;[0m
10:56:25.982 [main] DEBUG net.thucydides.core.steps.StepInterceptor - STARTING STEP: CreateSteps.receiveValidDataForCreateCategory - I receive valid data for new category
10:56:26.492 [main] DEBUG net.thucydides.core.steps.StepInterceptor - STEP DONE: I receive valid data for new category
  &amp#27;[32mThen &amp#27;[0m&amp#27;[32mI receive valid data for new category&amp#27;[0m &amp#27;[90m# starter.stepdefinitions.CreateSteps.receiveValidDataForCreateCategory()&amp#27;[0m
10:56:26.494 [main] INFO  - 
  _____   ___   ___   _____     ___     _     ___   ___   ___   ___  
 |_   _| | __| / __| |_   _|   | _ \   /_\   / __| / __| | __| |   \ 
   | |   | _|  \__ \   | |     |  _/  / _ \  \__ \ \__ \ | _|  | |) |
   |_|   |___| |___/   |_|     |_|   /_/ \_\ |___/ |___/ |___| |___/ 

Successful Create Category
----------------------------------------------------------------------
]]></system-out>
  </testcase>
  <testcase name="Failed Create Category With Combine String and character" classname="Post" time="0.404">
    <system-out><![CDATA[
@create-failed-category
Scenario: Failed Create Category With Combine String and character &amp#27;[90m# src/test/resources/api/CreateCategory.feature:12&amp#27;[0m
10:56:26.508 [main] INFO io.cucumber.core.plugin.SerenityReporter - Running feature from file:///D:/PERKULIAHAN/SEMESTER%206/KAMPUS%20MERDEKA/PROYEK_ALTERRA/TestingAPIALTA/src/test/resources/api/CreateCategory.feature
10:56:26.508 [main] WARN io.cucumber.core.plugin.SerenityReporter - Feature from file:///D:/PERKULIAHAN/SEMESTER%206/KAMPUS%20MERDEKA/PROYEK_ALTERRA/TestingAPIALTA/src/test/resources/api/CreateCategory.feature is not under the 'features' directory. Requirements report will not be correctly generated!
10:56:26.510 [main] INFO  - 
  _____   ___   ___   _____     ___   _____     _     ___   _____   ___   ___  
 |_   _| | __| / __| |_   _|   / __| |_   _|   /_\   | _ \ |_   _| | __| |   \ 
   | |   | _|  \__ \   | |     \__ \   | |    / _ \  |   /   | |   | _|  | |) |
   |_|   |___| |___/   |_|     |___/   |_|   /_/ \_\ |_|_\   |_|   |___| |___/ 

Failed Create Category With Combine String and character(post;failed-create-category-with-combine-string-and-character)
--------------------------------------------------------------------------------
10:56:26.521 [main] DEBUG net.thucydides.core.steps.StepInterceptor - STARTING STEP: CreateSteps.setPostApi - I set POST api endpoints
10:56:26.522 [main] DEBUG net.thucydides.core.steps.StepInterceptor - STEP DONE: I set POST api endpoints
  &amp#27;[32mGiven &amp#27;[0m&amp#27;[32mI set POST api endpoints&amp#27;[0m                                   &amp#27;[90m# starter.stepdefinitions.CreateSteps.setPostApi()&amp#27;[0m
10:56:26.526 [main] DEBUG net.thucydides.core.steps.StepInterceptor - STARTING STEP: CreateSteps.createNewCategoryWithCombine - I Create New Category with combine String and character
10:56:26.528 [main] DEBUG net.thucydides.core.steps.StepInterceptor - STARTING STEP: Create.sendPostHttpCombineStringInt - I set POST api endpoints
10:56:26.528 [main] DEBUG net.thucydides.core.steps.StepInterceptor - STEP DONE: I set POST api endpoints
10:56:26.541 [main] DEBUG org.apache.http.impl.conn.BasicClientConnectionManager - Get connection for route {s}->https://be-qa.alta.id:443
10:56:26.541 [main] DEBUG org.apache.http.impl.conn.DefaultClientConnectionOperator - Connecting to be-qa.alta.id:443
10:56:26.849 [main] DEBUG org.apache.http.client.protocol.RequestAddCookies - CookieSpec selected: ignoreCookies
10:56:26.849 [main] DEBUG org.apache.http.client.protocol.RequestAuthCache - Auth cache not set in the context
10:56:26.849 [main] DEBUG org.apache.http.client.protocol.RequestTargetAuthentication - Target auth state: UNCHALLENGED
10:56:26.849 [main] DEBUG org.apache.http.client.protocol.RequestProxyAuthentication - Proxy auth state: UNCHALLENGED
10:56:26.849 [main] DEBUG org.apache.http.impl.client.DefaultHttpClient - Attempt 1 to execute request
10:56:26.849 [main] DEBUG org.apache.http.impl.conn.DefaultClientConnection - Sending request: POST /api/categories HTTP/1.1
10:56:26.850 [main] DEBUG org.apache.http.wire -  >> "POST /api/categories HTTP/1.1[\r][\n]"
10:56:26.850 [main] DEBUG org.apache.http.wire -  >> "Accept: */*[\r][\n]"
10:56:26.850 [main] DEBUG org.apache.http.wire -  >> "Content-Type: application/json[\r][\n]"
10:56:26.850 [main] DEBUG org.apache.http.wire -  >> "Content-Length: 18[\r][\n]"
10:56:26.850 [main] DEBUG org.apache.http.wire -  >> "Host: be-qa.alta.id[\r][\n]"
10:56:26.850 [main] DEBUG org.apache.http.wire -  >> "Connection: Keep-Alive[\r][\n]"
10:56:26.850 [main] DEBUG org.apache.http.wire -  >> "User-Agent: Apache-HttpClient/4.5.13 (Java/1.8.0_241)[\r][\n]"
10:56:26.850 [main] DEBUG org.apache.http.wire -  >> "Accept-Encoding: gzip,deflate[\r][\n]"
10:56:26.850 [main] DEBUG org.apache.http.wire -  >> "[\r][\n]"
10:56:26.850 [main] DEBUG org.apache.http.headers - >> POST /api/categories HTTP/1.1
10:56:26.850 [main] DEBUG org.apache.http.headers - >> Accept: */*
10:56:26.850 [main] DEBUG org.apache.http.headers - >> Content-Type: application/json
10:56:26.850 [main] DEBUG org.apache.http.headers - >> Content-Length: 18
10:56:26.850 [main] DEBUG org.apache.http.headers - >> Host: be-qa.alta.id
10:56:26.850 [main] DEBUG org.apache.http.headers - >> Connection: Keep-Alive
10:56:26.850 [main] DEBUG org.apache.http.headers - >> User-Agent: Apache-HttpClient/4.5.13 (Java/1.8.0_241)
10:56:26.850 [main] DEBUG org.apache.http.headers - >> Accept-Encoding: gzip,deflate
10:56:26.850 [main] DEBUG org.apache.http.wire -  >> "{"name":"12@@@@@"}"
10:56:26.891 [main] DEBUG org.apache.http.wire -  << "HTTP/1.1 200 OK[\r][\n]"
10:56:26.891 [main] DEBUG org.apache.http.wire -  << "Server: nginx/1.14.2[\r][\n]"
10:56:26.891 [main] DEBUG org.apache.http.wire -  << "Date: Sat, 14 May 2022 03:56:26 GMT[\r][\n]"
10:56:26.891 [main] DEBUG org.apache.http.wire -  << "Content-Type: application/json[\r][\n]"
10:56:26.891 [main] DEBUG org.apache.http.wire -  << "Content-Length: 55[\r][\n]"
10:56:26.891 [main] DEBUG org.apache.http.wire -  << "Connection: keep-alive[\r][\n]"
10:56:26.891 [main] DEBUG org.apache.http.wire -  << "[\r][\n]"
10:56:26.891 [main] DEBUG org.apache.http.impl.conn.DefaultClientConnection - Receiving response: HTTP/1.1 200 OK
10:56:26.891 [main] DEBUG org.apache.http.headers - << HTTP/1.1 200 OK
10:56:26.891 [main] DEBUG org.apache.http.headers - << Server: nginx/1.14.2
10:56:26.891 [main] DEBUG org.apache.http.headers - << Date: Sat, 14 May 2022 03:56:26 GMT
10:56:26.891 [main] DEBUG org.apache.http.headers - << Content-Type: application/json
10:56:26.891 [main] DEBUG org.apache.http.headers - << Content-Length: 55
10:56:26.891 [main] DEBUG org.apache.http.headers - << Connection: keep-alive
10:56:26.891 [main] DEBUG org.apache.http.impl.client.DefaultHttpClient - Connection can be kept alive indefinitely
10:56:26.891 [main] DEBUG io.restassured.internal.RequestSpecificationImpl$RestAssuredHttpBuilder - Parsing response as: application/json
10:56:26.891 [main] DEBUG io.restassured.internal.RequestSpecificationImpl$RestAssuredHttpBuilder - Parsed data to instance of: class org.apache.http.conn.EofSensorInputStream
10:56:26.892 [main] DEBUG org.apache.http.wire -  << "{"data":{"ID":1638,"Name":"12@@@@@","Description":""}}[\n]"
10:56:26.893 [main] DEBUG org.apache.http.impl.conn.BasicClientConnectionManager - Releasing connection org.apache.http.impl.conn.ManagedClientConnectionImpl@783b3aa0
10:56:26.893 [main] DEBUG org.apache.http.impl.conn.BasicClientConnectionManager - Connection can be kept alive indefinitely
10:56:26.893 [main] DEBUG net.thucydides.core.steps.StepInterceptor - STEP DONE: I Create New Category with combine String and character
  &amp#27;[32mWhen &amp#27;[0m&amp#27;[32mI Create New Category with combine String and character&amp#27;[0m     &amp#27;[90m# starter.stepdefinitions.CreateSteps.createNewCategoryWithCombine()&amp#27;[0m
10:56:26.897 [main] DEBUG net.thucydides.core.steps.StepInterceptor - STARTING STEP: GetSteps.getValidHTTP - I receive valid HTTP response code 200
10:56:26.897 [main] DEBUG net.thucydides.core.steps.StepInterceptor - STEP DONE: I receive valid HTTP response code 200
  &amp#27;[32mAnd &amp#27;[0m&amp#27;[32mI receive valid HTTP response code 200&amp#27;[0m                       &amp#27;[90m# starter.stepdefinitions.GetSteps.getValidHTTP()&amp#27;[0m
10:56:26.899 [main] INFO  - 
  _____   ___   ___   _____     ___     _     ___   ___   ___   ___  
 |_   _| | __| / __| |_   _|   | _ \   /_\   / __| / __| | __| |   \ 
   | |   | _|  \__ \   | |     |  _/  / _ \  \__ \ \__ \ | _|  | |) |
   |_|   |___| |___/   |_|     |_|   /_/ \_\ |___/ |___/ |___| |___/ 

Failed Create Category With Combine String and character
----------------------------------------------------------------------
]]></system-out>
  </testcase>
  <testcase name="Failed Create Category With Combine Int" classname="Post" time="0.298">
    <system-out><![CDATA[
@create-failed-category
Scenario: Failed Create Category With Combine Int &amp#27;[90m# src/test/resources/api/CreateCategory.feature:19&amp#27;[0m
10:56:26.910 [main] INFO io.cucumber.core.plugin.SerenityReporter - Running feature from file:///D:/PERKULIAHAN/SEMESTER%206/KAMPUS%20MERDEKA/PROYEK_ALTERRA/TestingAPIALTA/src/test/resources/api/CreateCategory.feature
10:56:26.910 [main] WARN io.cucumber.core.plugin.SerenityReporter - Feature from file:///D:/PERKULIAHAN/SEMESTER%206/KAMPUS%20MERDEKA/PROYEK_ALTERRA/TestingAPIALTA/src/test/resources/api/CreateCategory.feature is not under the 'features' directory. Requirements report will not be correctly generated!
10:56:26.913 [main] INFO  - 
  _____   ___   ___   _____     ___   _____     _     ___   _____   ___   ___  
 |_   _| | __| / __| |_   _|   / __| |_   _|   /_\   | _ \ |_   _| | __| |   \ 
   | |   | _|  \__ \   | |     \__ \   | |    / _ \  |   /   | |   | _|  | |) |
   |_|   |___| |___/   |_|     |___/   |_|   /_/ \_\ |_|_\   |_|   |___| |___/ 

Failed Create Category With Combine Int(post;failed-create-category-with-combine-int)
--------------------------------------------------------------------------------
10:56:26.923 [main] DEBUG net.thucydides.core.steps.StepInterceptor - STARTING STEP: CreateSteps.setPostApi - I set POST api endpoints
10:56:26.923 [main] DEBUG net.thucydides.core.steps.StepInterceptor - STEP DONE: I set POST api endpoints
  &amp#27;[32mGiven &amp#27;[0m&amp#27;[32mI set POST api endpoints&amp#27;[0m                  &amp#27;[90m# starter.stepdefinitions.CreateSteps.setPostApi()&amp#27;[0m
10:56:26.925 [main] DEBUG net.thucydides.core.steps.StepInterceptor - STARTING STEP: CreateSteps.createNewwithint - I create New Category with int
10:56:26.926 [main] DEBUG net.thucydides.core.steps.StepInterceptor - STARTING STEP: Create.sendPostHttpInt - I set POST api endpoints
10:56:26.926 [main] DEBUG net.thucydides.core.steps.StepInterceptor - STEP DONE: I set POST api endpoints
10:56:26.936 [main] DEBUG org.apache.http.impl.conn.BasicClientConnectionManager - Get connection for route {s}->https://be-qa.alta.id:443
10:56:26.936 [main] DEBUG org.apache.http.impl.conn.DefaultClientConnectionOperator - Connecting to be-qa.alta.id:443
10:56:27.131 [main] DEBUG org.apache.http.client.protocol.RequestAddCookies - CookieSpec selected: ignoreCookies
10:56:27.131 [main] DEBUG org.apache.http.client.protocol.RequestAuthCache - Auth cache not set in the context
10:56:27.131 [main] DEBUG org.apache.http.client.protocol.RequestTargetAuthentication - Target auth state: UNCHALLENGED
10:56:27.131 [main] DEBUG org.apache.http.client.protocol.RequestProxyAuthentication - Proxy auth state: UNCHALLENGED
10:56:27.132 [main] DEBUG org.apache.http.impl.client.DefaultHttpClient - Attempt 1 to execute request
10:56:27.132 [main] DEBUG org.apache.http.impl.conn.DefaultClientConnection - Sending request: POST /api/categories HTTP/1.1
10:56:27.132 [main] DEBUG org.apache.http.wire -  >> "POST /api/categories HTTP/1.1[\r][\n]"
10:56:27.132 [main] DEBUG org.apache.http.wire -  >> "Accept: */*[\r][\n]"
10:56:27.132 [main] DEBUG org.apache.http.wire -  >> "Content-Type: application/json[\r][\n]"
10:56:27.132 [main] DEBUG org.apache.http.wire -  >> "Content-Length: 14[\r][\n]"
10:56:27.132 [main] DEBUG org.apache.http.wire -  >> "Host: be-qa.alta.id[\r][\n]"
10:56:27.132 [main] DEBUG org.apache.http.wire -  >> "Connection: Keep-Alive[\r][\n]"
10:56:27.132 [main] DEBUG org.apache.http.wire -  >> "User-Agent: Apache-HttpClient/4.5.13 (Java/1.8.0_241)[\r][\n]"
10:56:27.132 [main] DEBUG org.apache.http.wire -  >> "Accept-Encoding: gzip,deflate[\r][\n]"
10:56:27.132 [main] DEBUG org.apache.http.wire -  >> "[\r][\n]"
10:56:27.132 [main] DEBUG org.apache.http.headers - >> POST /api/categories HTTP/1.1
10:56:27.132 [main] DEBUG org.apache.http.headers - >> Accept: */*
10:56:27.132 [main] DEBUG org.apache.http.headers - >> Content-Type: application/json
10:56:27.132 [main] DEBUG org.apache.http.headers - >> Content-Length: 14
10:56:27.132 [main] DEBUG org.apache.http.headers - >> Host: be-qa.alta.id
10:56:27.132 [main] DEBUG org.apache.http.headers - >> Connection: Keep-Alive
10:56:27.132 [main] DEBUG org.apache.http.headers - >> User-Agent: Apache-HttpClient/4.5.13 (Java/1.8.0_241)
10:56:27.132 [main] DEBUG org.apache.http.headers - >> Accept-Encoding: gzip,deflate
10:56:27.132 [main] DEBUG org.apache.http.wire -  >> "{"name":12121}"
10:56:27.191 [main] DEBUG org.apache.http.wire -  << "HTTP/1.1 400 Bad Request[\r][\n]"
10:56:27.191 [main] DEBUG org.apache.http.wire -  << "Server: nginx/1.14.2[\r][\n]"
10:56:27.191 [main] DEBUG org.apache.http.wire -  << "Date: Sat, 14 May 2022 03:56:26 GMT[\r][\n]"
10:56:27.191 [main] DEBUG org.apache.http.wire -  << "Content-Type: application/json[\r][\n]"
10:56:27.191 [main] DEBUG org.apache.http.wire -  << "Content-Length: 98[\r][\n]"
10:56:27.191 [main] DEBUG org.apache.http.wire -  << "Connection: keep-alive[\r][\n]"
10:56:27.191 [main] DEBUG org.apache.http.wire -  << "[\r][\n]"
10:56:27.191 [main] DEBUG org.apache.http.impl.conn.DefaultClientConnection - Receiving response: HTTP/1.1 400 Bad Request
10:56:27.191 [main] DEBUG org.apache.http.headers - << HTTP/1.1 400 Bad Request
10:56:27.191 [main] DEBUG org.apache.http.headers - << Server: nginx/1.14.2
10:56:27.191 [main] DEBUG org.apache.http.headers - << Date: Sat, 14 May 2022 03:56:26 GMT
10:56:27.191 [main] DEBUG org.apache.http.headers - << Content-Type: application/json
10:56:27.191 [main] DEBUG org.apache.http.headers - << Content-Length: 98
10:56:27.191 [main] DEBUG org.apache.http.headers - << Connection: keep-alive
10:56:27.191 [main] DEBUG org.apache.http.impl.client.DefaultHttpClient - Connection can be kept alive indefinitely
10:56:27.192 [main] DEBUG io.restassured.internal.RequestSpecificationImpl$RestAssuredHttpBuilder - Parsing response as: application/json
10:56:27.192 [main] DEBUG io.restassured.internal.RequestSpecificationImpl$RestAssuredHttpBuilder - Parsed data to instance of: class org.apache.http.conn.EofSensorInputStream
10:56:27.193 [main] DEBUG org.apache.http.wire -  << "{"error":"json: cannot unmarshal number into Go struct field CategoryCreate.name of type string"}[\n]"
10:56:27.193 [main] DEBUG org.apache.http.impl.conn.BasicClientConnectionManager - Releasing connection org.apache.http.impl.conn.ManagedClientConnectionImpl@5c234920
10:56:27.193 [main] DEBUG org.apache.http.impl.conn.BasicClientConnectionManager - Connection can be kept alive indefinitely
10:56:27.193 [main] DEBUG net.thucydides.core.steps.StepInterceptor - STEP DONE: I create New Category with int
  &amp#27;[32mWhen &amp#27;[0m&amp#27;[32mI create New Category with int&amp#27;[0m             &amp#27;[90m# starter.stepdefinitions.CreateSteps.createNewwithint()&amp#27;[0m
10:56:27.195 [main] DEBUG net.thucydides.core.steps.StepInterceptor - STARTING STEP: CreateSteps.receiveValidData400 - I receive valid HTTP response code 400
10:56:27.196 [main] DEBUG net.thucydides.core.steps.StepInterceptor - STEP DONE: I receive valid HTTP response code 400
  &amp#27;[32mAnd &amp#27;[0m&amp#27;[32mI receive valid HTTP response code 400&amp#27;[0m      &amp#27;[90m# starter.stepdefinitions.CreateSteps.receiveValidData400()&amp#27;[0m
10:56:27.197 [main] INFO  - 
  _____   ___   ___   _____     ___     _     ___   ___   ___   ___  
 |_   _| | __| / __| |_   _|   | _ \   /_\   / __| / __| | __| |   \ 
   | |   | _|  \__ \   | |     |  _/  / _ \  \__ \ \__ \ | _|  | |) |
   |_|   |___| |___/   |_|     |_|   /_/ \_\ |___/ |___/ |___| |___/ 

Failed Create Category With Combine Int
----------------------------------------------------------------------
]]></system-out>
  </testcase>
  <testcase name="Failed Create Category With Combine int and character" classname="Post" time="0.635">
    <system-out><![CDATA[
@create-failed-category
Scenario: Failed Create Category With Combine int and character &amp#27;[90m# src/test/resources/api/CreateCategory.feature:26&amp#27;[0m
10:56:27.211 [main] INFO io.cucumber.core.plugin.SerenityReporter - Running feature from file:///D:/PERKULIAHAN/SEMESTER%206/KAMPUS%20MERDEKA/PROYEK_ALTERRA/TestingAPIALTA/src/test/resources/api/CreateCategory.feature
10:56:27.211 [main] WARN io.cucumber.core.plugin.SerenityReporter - Feature from file:///D:/PERKULIAHAN/SEMESTER%206/KAMPUS%20MERDEKA/PROYEK_ALTERRA/TestingAPIALTA/src/test/resources/api/CreateCategory.feature is not under the 'features' directory. Requirements report will not be correctly generated!
10:56:27.215 [main] INFO  - 
  _____   ___   ___   _____     ___   _____     _     ___   _____   ___   ___  
 |_   _| | __| / __| |_   _|   / __| |_   _|   /_\   | _ \ |_   _| | __| |   \ 
   | |   | _|  \__ \   | |     \__ \   | |    / _ \  |   /   | |   | _|  | |) |
   |_|   |___| |___/   |_|     |___/   |_|   /_/ \_\ |_|_\   |_|   |___| |___/ 

Failed Create Category With Combine int and character(post;failed-create-category-with-combine-int-and-character)
--------------------------------------------------------------------------------
10:56:27.224 [main] DEBUG net.thucydides.core.steps.StepInterceptor - STARTING STEP: CreateSteps.setPostApi - I set POST api endpoints
10:56:27.225 [main] DEBUG net.thucydides.core.steps.StepInterceptor - STEP DONE: I set POST api endpoints
  &amp#27;[32mGiven &amp#27;[0m&amp#27;[32mI set POST api endpoints&amp#27;[0m                                &amp#27;[90m# starter.stepdefinitions.CreateSteps.setPostApi()&amp#27;[0m
10:56:27.227 [main] DEBUG net.thucydides.core.steps.StepInterceptor - STARTING STEP: CreateSteps.createNewWithIntCharacter - I create New Category with combine int and character
10:56:27.228 [main] DEBUG net.thucydides.core.steps.StepInterceptor - STARTING STEP: Create.sendPostHttpCombine - I set POST api endpoints
10:56:27.228 [main] DEBUG net.thucydides.core.steps.StepInterceptor - STEP DONE: I set POST api endpoints
10:56:27.245 [main] DEBUG org.apache.http.impl.conn.BasicClientConnectionManager - Get connection for route {s}->https://be-qa.alta.id:443
10:56:27.245 [main] DEBUG org.apache.http.impl.conn.DefaultClientConnectionOperator - Connecting to be-qa.alta.id:443
10:56:27.784 [main] DEBUG org.apache.http.client.protocol.RequestAddCookies - CookieSpec selected: ignoreCookies
10:56:27.784 [main] DEBUG org.apache.http.client.protocol.RequestAuthCache - Auth cache not set in the context
10:56:27.784 [main] DEBUG org.apache.http.client.protocol.RequestTargetAuthentication - Target auth state: UNCHALLENGED
10:56:27.784 [main] DEBUG org.apache.http.client.protocol.RequestProxyAuthentication - Proxy auth state: UNCHALLENGED
10:56:27.784 [main] DEBUG org.apache.http.impl.client.DefaultHttpClient - Attempt 1 to execute request
10:56:27.784 [main] DEBUG org.apache.http.impl.conn.DefaultClientConnection - Sending request: POST /api/categories HTTP/1.1
10:56:27.784 [main] DEBUG org.apache.http.wire -  >> "POST /api/categories HTTP/1.1[\r][\n]"
10:56:27.784 [main] DEBUG org.apache.http.wire -  >> "Accept: */*[\r][\n]"
10:56:27.784 [main] DEBUG org.apache.http.wire -  >> "Content-Type: application/json[\r][\n]"
10:56:27.784 [main] DEBUG org.apache.http.wire -  >> "Content-Length: 16[\r][\n]"
10:56:27.784 [main] DEBUG org.apache.http.wire -  >> "Host: be-qa.alta.id[\r][\n]"
10:56:27.784 [main] DEBUG org.apache.http.wire -  >> "Connection: Keep-Alive[\r][\n]"
10:56:27.784 [main] DEBUG org.apache.http.wire -  >> "User-Agent: Apache-HttpClient/4.5.13 (Java/1.8.0_241)[\r][\n]"
10:56:27.784 [main] DEBUG org.apache.http.wire -  >> "Accept-Encoding: gzip,deflate[\r][\n]"
10:56:27.784 [main] DEBUG org.apache.http.wire -  >> "[\r][\n]"
10:56:27.784 [main] DEBUG org.apache.http.headers - >> POST /api/categories HTTP/1.1
10:56:27.784 [main] DEBUG org.apache.http.headers - >> Accept: */*
10:56:27.784 [main] DEBUG org.apache.http.headers - >> Content-Type: application/json
10:56:27.784 [main] DEBUG org.apache.http.headers - >> Content-Length: 16
10:56:27.784 [main] DEBUG org.apache.http.headers - >> Host: be-qa.alta.id
10:56:27.784 [main] DEBUG org.apache.http.headers - >> Connection: Keep-Alive
10:56:27.784 [main] DEBUG org.apache.http.headers - >> User-Agent: Apache-HttpClient/4.5.13 (Java/1.8.0_241)
10:56:27.784 [main] DEBUG org.apache.http.headers - >> Accept-Encoding: gzip,deflate
10:56:27.784 [main] DEBUG org.apache.http.wire -  >> "{"name":"12__@"}"
10:56:27.824 [main] DEBUG org.apache.http.wire -  << "HTTP/1.1 200 OK[\r][\n]"
10:56:27.824 [main] DEBUG org.apache.http.wire -  << "Server: nginx/1.14.2[\r][\n]"
10:56:27.824 [main] DEBUG org.apache.http.wire -  << "Date: Sat, 14 May 2022 03:56:27 GMT[\r][\n]"
10:56:27.824 [main] DEBUG org.apache.http.wire -  << "Content-Type: application/json[\r][\n]"
10:56:27.824 [main] DEBUG org.apache.http.wire -  << "Content-Length: 53[\r][\n]"
10:56:27.824 [main] DEBUG org.apache.http.wire -  << "Connection: keep-alive[\r][\n]"
10:56:27.824 [main] DEBUG org.apache.http.wire -  << "[\r][\n]"
10:56:27.824 [main] DEBUG org.apache.http.impl.conn.DefaultClientConnection - Receiving response: HTTP/1.1 200 OK
10:56:27.824 [main] DEBUG org.apache.http.headers - << HTTP/1.1 200 OK
10:56:27.824 [main] DEBUG org.apache.http.headers - << Server: nginx/1.14.2
10:56:27.824 [main] DEBUG org.apache.http.headers - << Date: Sat, 14 May 2022 03:56:27 GMT
10:56:27.824 [main] DEBUG org.apache.http.headers - << Content-Type: application/json
10:56:27.824 [main] DEBUG org.apache.http.headers - << Content-Length: 53
10:56:27.824 [main] DEBUG org.apache.http.headers - << Connection: keep-alive
10:56:27.824 [main] DEBUG org.apache.http.impl.client.DefaultHttpClient - Connection can be kept alive indefinitely
10:56:27.825 [main] DEBUG io.restassured.internal.RequestSpecificationImpl$RestAssuredHttpBuilder - Parsing response as: application/json
10:56:27.825 [main] DEBUG io.restassured.internal.RequestSpecificationImpl$RestAssuredHttpBuilder - Parsed data to instance of: class org.apache.http.conn.EofSensorInputStream
10:56:27.826 [main] DEBUG org.apache.http.wire -  << "{"data":{"ID":1639,"Name":"12__@","Description":""}}[\n]"
10:56:27.826 [main] DEBUG org.apache.http.impl.conn.BasicClientConnectionManager - Releasing connection org.apache.http.impl.conn.ManagedClientConnectionImpl@3d0d120b
10:56:27.826 [main] DEBUG org.apache.http.impl.conn.BasicClientConnectionManager - Connection can be kept alive indefinitely
10:56:27.826 [main] DEBUG net.thucydides.core.steps.StepInterceptor - STEP DONE: I create New Category with combine int and character
  &amp#27;[32mWhen &amp#27;[0m&amp#27;[32mI create New Category with combine int and character&amp#27;[0m     &amp#27;[90m# starter.stepdefinitions.CreateSteps.createNewWithIntCharacter()&amp#27;[0m
10:56:27.831 [main] DEBUG net.thucydides.core.steps.StepInterceptor - STARTING STEP: GetSteps.getValidHTTP - I receive valid HTTP response code 200
10:56:27.831 [main] DEBUG net.thucydides.core.steps.StepInterceptor - STEP DONE: I receive valid HTTP response code 200
  &amp#27;[32mAnd &amp#27;[0m&amp#27;[32mI receive valid HTTP response code 200&amp#27;[0m                    &amp#27;[90m# starter.stepdefinitions.GetSteps.getValidHTTP()&amp#27;[0m
10:56:27.833 [main] INFO  - 
  _____   ___   ___   _____     ___     _     ___   ___   ___   ___  
 |_   _| | __| / __| |_   _|   | _ \   /_\   / __| / __| | __| |   \ 
   | |   | _|  \__ \   | |     |  _/  / _ \  \__ \ \__ \ | _|  | |) |
   |_|   |___| |___/   |_|     |_|   /_/ \_\ |___/ |___/ |___| |___/ 

Failed Create Category With Combine int and character
----------------------------------------------------------------------
]]></system-out>
  </testcase>
  <testcase name="Failed Create Category With Combine Character and Int" classname="Post" time="0.426">
    <system-out><![CDATA[
@create-failed-category
Scenario: Failed Create Category With Combine Character and Int &amp#27;[90m# src/test/resources/api/CreateCategory.feature:33&amp#27;[0m
10:56:27.852 [main] INFO io.cucumber.core.plugin.SerenityReporter - Running feature from file:///D:/PERKULIAHAN/SEMESTER%206/KAMPUS%20MERDEKA/PROYEK_ALTERRA/TestingAPIALTA/src/test/resources/api/CreateCategory.feature
10:56:27.852 [main] WARN io.cucumber.core.plugin.SerenityReporter - Feature from file:///D:/PERKULIAHAN/SEMESTER%206/KAMPUS%20MERDEKA/PROYEK_ALTERRA/TestingAPIALTA/src/test/resources/api/CreateCategory.feature is not under the 'features' directory. Requirements report will not be correctly generated!
10:56:27.856 [main] INFO  - 
  _____   ___   ___   _____     ___   _____     _     ___   _____   ___   ___  
 |_   _| | __| / __| |_   _|   / __| |_   _|   /_\   | _ \ |_   _| | __| |   \ 
   | |   | _|  \__ \   | |     \__ \   | |    / _ \  |   /   | |   | _|  | |) |
   |_|   |___| |___/   |_|     |___/   |_|   /_/ \_\ |_|_\   |_|   |___| |___/ 

Failed Create Category With Combine Character and Int(post;failed-create-category-with-combine-character-and-int)
--------------------------------------------------------------------------------
10:56:27.863 [main] DEBUG net.thucydides.core.steps.StepInterceptor - STARTING STEP: CreateSteps.setPostApi - I set POST api endpoints
10:56:27.864 [main] DEBUG net.thucydides.core.steps.StepInterceptor - STEP DONE: I set POST api endpoints
  &amp#27;[32mGiven &amp#27;[0m&amp#27;[32mI set POST api endpoints&amp#27;[0m                                &amp#27;[90m# starter.stepdefinitions.CreateSteps.setPostApi()&amp#27;[0m
10:56:27.865 [main] DEBUG net.thucydides.core.steps.StepInterceptor - STARTING STEP: CreateSteps.twoCategoryInOneResponse - I create Two New Category In One Response
10:56:27.866 [main] DEBUG net.thucydides.core.steps.StepInterceptor - STARTING STEP: Create.twoCategoryInOneResponse - I set POST api endpoints
10:56:27.866 [main] DEBUG net.thucydides.core.steps.StepInterceptor - STEP DONE: I set POST api endpoints
10:56:27.876 [main] DEBUG org.apache.http.impl.conn.BasicClientConnectionManager - Get connection for route {s}->https://be-qa.alta.id:443
10:56:27.876 [main] DEBUG org.apache.http.impl.conn.DefaultClientConnectionOperator - Connecting to be-qa.alta.id:443
10:56:28.212 [main] DEBUG org.apache.http.client.protocol.RequestAddCookies - CookieSpec selected: ignoreCookies
10:56:28.212 [main] DEBUG org.apache.http.client.protocol.RequestAuthCache - Auth cache not set in the context
10:56:28.212 [main] DEBUG org.apache.http.client.protocol.RequestTargetAuthentication - Target auth state: UNCHALLENGED
10:56:28.212 [main] DEBUG org.apache.http.client.protocol.RequestProxyAuthentication - Proxy auth state: UNCHALLENGED
10:56:28.212 [main] DEBUG org.apache.http.impl.client.DefaultHttpClient - Attempt 1 to execute request
10:56:28.212 [main] DEBUG org.apache.http.impl.conn.DefaultClientConnection - Sending request: POST /api/categories HTTP/1.1
10:56:28.212 [main] DEBUG org.apache.http.wire -  >> "POST /api/categories HTTP/1.1[\r][\n]"
10:56:28.212 [main] DEBUG org.apache.http.wire -  >> "Accept: */*[\r][\n]"
10:56:28.212 [main] DEBUG org.apache.http.wire -  >> "Content-Type: application/json[\r][\n]"
10:56:28.212 [main] DEBUG org.apache.http.wire -  >> "Content-Length: 18[\r][\n]"
10:56:28.212 [main] DEBUG org.apache.http.wire -  >> "Host: be-qa.alta.id[\r][\n]"
10:56:28.212 [main] DEBUG org.apache.http.wire -  >> "Connection: Keep-Alive[\r][\n]"
10:56:28.212 [main] DEBUG org.apache.http.wire -  >> "User-Agent: Apache-HttpClient/4.5.13 (Java/1.8.0_241)[\r][\n]"
10:56:28.213 [main] DEBUG org.apache.http.wire -  >> "Accept-Encoding: gzip,deflate[\r][\n]"
10:56:28.213 [main] DEBUG org.apache.http.wire -  >> "[\r][\n]"
10:56:28.213 [main] DEBUG org.apache.http.headers - >> POST /api/categories HTTP/1.1
10:56:28.213 [main] DEBUG org.apache.http.headers - >> Accept: */*
10:56:28.213 [main] DEBUG org.apache.http.headers - >> Content-Type: application/json
10:56:28.213 [main] DEBUG org.apache.http.headers - >> Content-Length: 18
10:56:28.213 [main] DEBUG org.apache.http.headers - >> Host: be-qa.alta.id
10:56:28.213 [main] DEBUG org.apache.http.headers - >> Connection: Keep-Alive
10:56:28.213 [main] DEBUG org.apache.http.headers - >> User-Agent: Apache-HttpClient/4.5.13 (Java/1.8.0_241)
10:56:28.213 [main] DEBUG org.apache.http.headers - >> Accept-Encoding: gzip,deflate
10:56:28.213 [main] DEBUG org.apache.http.wire -  >> "{"name":"Minuman"}"
10:56:28.252 [main] DEBUG org.apache.http.wire -  << "HTTP/1.1 200 OK[\r][\n]"
10:56:28.252 [main] DEBUG org.apache.http.wire -  << "Server: nginx/1.14.2[\r][\n]"
10:56:28.252 [main] DEBUG org.apache.http.wire -  << "Date: Sat, 14 May 2022 03:56:27 GMT[\r][\n]"
10:56:28.252 [main] DEBUG org.apache.http.wire -  << "Content-Type: application/json[\r][\n]"
10:56:28.252 [main] DEBUG org.apache.http.wire -  << "Content-Length: 55[\r][\n]"
10:56:28.252 [main] DEBUG org.apache.http.wire -  << "Connection: keep-alive[\r][\n]"
10:56:28.252 [main] DEBUG org.apache.http.wire -  << "[\r][\n]"
10:56:28.252 [main] DEBUG org.apache.http.impl.conn.DefaultClientConnection - Receiving response: HTTP/1.1 200 OK
10:56:28.252 [main] DEBUG org.apache.http.headers - << HTTP/1.1 200 OK
10:56:28.252 [main] DEBUG org.apache.http.headers - << Server: nginx/1.14.2
10:56:28.252 [main] DEBUG org.apache.http.headers - << Date: Sat, 14 May 2022 03:56:27 GMT
10:56:28.252 [main] DEBUG org.apache.http.headers - << Content-Type: application/json
10:56:28.252 [main] DEBUG org.apache.http.headers - << Content-Length: 55
10:56:28.252 [main] DEBUG org.apache.http.headers - << Connection: keep-alive
10:56:28.252 [main] DEBUG org.apache.http.impl.client.DefaultHttpClient - Connection can be kept alive indefinitely
10:56:28.252 [main] DEBUG io.restassured.internal.RequestSpecificationImpl$RestAssuredHttpBuilder - Parsing response as: application/json
10:56:28.252 [main] DEBUG io.restassured.internal.RequestSpecificationImpl$RestAssuredHttpBuilder - Parsed data to instance of: class org.apache.http.conn.EofSensorInputStream
10:56:28.253 [main] DEBUG org.apache.http.wire -  << "{"data":{"ID":1640,"Name":"Minuman","Description":""}}[\n]"
10:56:28.253 [main] DEBUG org.apache.http.impl.conn.BasicClientConnectionManager - Releasing connection org.apache.http.impl.conn.ManagedClientConnectionImpl@13ca16bf
10:56:28.253 [main] DEBUG org.apache.http.impl.conn.BasicClientConnectionManager - Connection can be kept alive indefinitely
10:56:28.253 [main] DEBUG net.thucydides.core.steps.StepInterceptor - STEP DONE: I create Two New Category In One Response
  &amp#27;[32mWhen &amp#27;[0m&amp#27;[32mI create Two New Category In One Response&amp#27;[0m                &amp#27;[90m# starter.stepdefinitions.CreateSteps.twoCategoryInOneResponse()&amp#27;[0m
10:56:28.257 [main] DEBUG net.thucydides.core.steps.StepInterceptor - STARTING STEP: GetSteps.getValidHTTP - I receive valid HTTP response code 200
10:56:28.257 [main] DEBUG net.thucydides.core.steps.StepInterceptor - STEP DONE: I receive valid HTTP response code 200
  &amp#27;[32mAnd &amp#27;[0m&amp#27;[32mI receive valid HTTP response code 200&amp#27;[0m                    &amp#27;[90m# starter.stepdefinitions.GetSteps.getValidHTTP()&amp#27;[0m
10:56:28.258 [main] INFO  - 
  _____   ___   ___   _____     ___     _     ___   ___   ___   ___  
 |_   _| | __| / __| |_   _|   | _ \   /_\   / __| / __| | __| |   \ 
   | |   | _|  \__ \   | |     |  _/  / _ \  \__ \ \__ \ | _|  | |) |
   |_|   |___| |___/   |_|     |_|   /_/ \_\ |___/ |___/ |___| |___/ 

Failed Create Category With Combine Character and Int
----------------------------------------------------------------------
]]></system-out>
  </testcase>
  <testcase name="Failed Create Category Without Body" classname="Post" time="0.273">
    <system-out><![CDATA[
@create-failed-category
Scenario: Failed Create Category Without Body &amp#27;[90m# src/test/resources/api/CreateCategory.feature:40&amp#27;[0m
10:56:28.264 [main] INFO io.cucumber.core.plugin.SerenityReporter - Running feature from file:///D:/PERKULIAHAN/SEMESTER%206/KAMPUS%20MERDEKA/PROYEK_ALTERRA/TestingAPIALTA/src/test/resources/api/CreateCategory.feature
10:56:28.264 [main] WARN io.cucumber.core.plugin.SerenityReporter - Feature from file:///D:/PERKULIAHAN/SEMESTER%206/KAMPUS%20MERDEKA/PROYEK_ALTERRA/TestingAPIALTA/src/test/resources/api/CreateCategory.feature is not under the 'features' directory. Requirements report will not be correctly generated!
10:56:28.265 [main] INFO  - 
  _____   ___   ___   _____     ___   _____     _     ___   _____   ___   ___  
 |_   _| | __| / __| |_   _|   / __| |_   _|   /_\   | _ \ |_   _| | __| |   \ 
   | |   | _|  \__ \   | |     \__ \   | |    / _ \  |   /   | |   | _|  | |) |
   |_|   |___| |___/   |_|     |___/   |_|   /_/ \_\ |_|_\   |_|   |___| |___/ 

Failed Create Category Without Body(post;failed-create-category-without-body)
--------------------------------------------------------------------------------
10:56:28.271 [main] DEBUG net.thucydides.core.steps.StepInterceptor - STARTING STEP: CreateSteps.setPostApi - I set POST api endpoints
10:56:28.272 [main] DEBUG net.thucydides.core.steps.StepInterceptor - STEP DONE: I set POST api endpoints
  &amp#27;[32mGiven &amp#27;[0m&amp#27;[32mI set POST api endpoints&amp#27;[0m              &amp#27;[90m# starter.stepdefinitions.CreateSteps.setPostApi()&amp#27;[0m
10:56:28.274 [main] DEBUG net.thucydides.core.steps.StepInterceptor - STARTING STEP: CreateSteps.createNewCategoryWithoutBody - I create New Category without body
10:56:28.275 [main] DEBUG net.thucydides.core.steps.StepInterceptor - STARTING STEP: Create.createNewCategoryWithoutBody - I set POST api endpoints
10:56:28.275 [main] DEBUG net.thucydides.core.steps.StepInterceptor - STEP DONE: I set POST api endpoints
10:56:28.285 [main] DEBUG org.apache.http.impl.conn.BasicClientConnectionManager - Get connection for route {s}->https://be-qa.alta.id:443
10:56:28.285 [main] DEBUG org.apache.http.impl.conn.DefaultClientConnectionOperator - Connecting to be-qa.alta.id:443
10:56:28.485 [main] DEBUG org.apache.http.client.protocol.RequestAddCookies - CookieSpec selected: ignoreCookies
10:56:28.485 [main] DEBUG org.apache.http.client.protocol.RequestAuthCache - Auth cache not set in the context
10:56:28.485 [main] DEBUG org.apache.http.client.protocol.RequestTargetAuthentication - Target auth state: UNCHALLENGED
10:56:28.485 [main] DEBUG org.apache.http.client.protocol.RequestProxyAuthentication - Proxy auth state: UNCHALLENGED
10:56:28.485 [main] DEBUG org.apache.http.impl.client.DefaultHttpClient - Attempt 1 to execute request
10:56:28.485 [main] DEBUG org.apache.http.impl.conn.DefaultClientConnection - Sending request: POST /api/categories HTTP/1.1
10:56:28.485 [main] DEBUG org.apache.http.wire -  >> "POST /api/categories HTTP/1.1[\r][\n]"
10:56:28.485 [main] DEBUG org.apache.http.wire -  >> "Accept: */*[\r][\n]"
10:56:28.485 [main] DEBUG org.apache.http.wire -  >> "Content-Type: application/json[\r][\n]"
10:56:28.485 [main] DEBUG org.apache.http.wire -  >> "Content-Length: 11[\r][\n]"
10:56:28.485 [main] DEBUG org.apache.http.wire -  >> "Host: be-qa.alta.id[\r][\n]"
10:56:28.485 [main] DEBUG org.apache.http.wire -  >> "Connection: Keep-Alive[\r][\n]"
10:56:28.485 [main] DEBUG org.apache.http.wire -  >> "User-Agent: Apache-HttpClient/4.5.13 (Java/1.8.0_241)[\r][\n]"
10:56:28.485 [main] DEBUG org.apache.http.wire -  >> "Accept-Encoding: gzip,deflate[\r][\n]"
10:56:28.485 [main] DEBUG org.apache.http.wire -  >> "[\r][\n]"
10:56:28.485 [main] DEBUG org.apache.http.headers - >> POST /api/categories HTTP/1.1
10:56:28.485 [main] DEBUG org.apache.http.headers - >> Accept: */*
10:56:28.485 [main] DEBUG org.apache.http.headers - >> Content-Type: application/json
10:56:28.485 [main] DEBUG org.apache.http.headers - >> Content-Length: 11
10:56:28.485 [main] DEBUG org.apache.http.headers - >> Host: be-qa.alta.id
10:56:28.485 [main] DEBUG org.apache.http.headers - >> Connection: Keep-Alive
10:56:28.485 [main] DEBUG org.apache.http.headers - >> User-Agent: Apache-HttpClient/4.5.13 (Java/1.8.0_241)
10:56:28.485 [main] DEBUG org.apache.http.headers - >> Accept-Encoding: gzip,deflate
10:56:28.485 [main] DEBUG org.apache.http.wire -  >> "{"name":""}"
10:56:28.525 [main] DEBUG org.apache.http.wire -  << "HTTP/1.1 500 Internal Server Error[\r][\n]"
10:56:28.525 [main] DEBUG org.apache.http.wire -  << "Server: nginx/1.14.2[\r][\n]"
10:56:28.525 [main] DEBUG org.apache.http.wire -  << "Date: Sat, 14 May 2022 03:56:27 GMT[\r][\n]"
10:56:28.525 [main] DEBUG org.apache.http.wire -  << "Content-Type: application/json[\r][\n]"
10:56:28.526 [main] DEBUG org.apache.http.wire -  << "Content-Length: 124[\r][\n]"
10:56:28.526 [main] DEBUG org.apache.http.wire -  << "Connection: keep-alive[\r][\n]"
10:56:28.526 [main] DEBUG org.apache.http.wire -  << "[\r][\n]"
10:56:28.526 [main] DEBUG org.apache.http.impl.conn.DefaultClientConnection - Receiving response: HTTP/1.1 500 Internal Server Error
10:56:28.526 [main] DEBUG org.apache.http.headers - << HTTP/1.1 500 Internal Server Error
10:56:28.526 [main] DEBUG org.apache.http.headers - << Server: nginx/1.14.2
10:56:28.526 [main] DEBUG org.apache.http.headers - << Date: Sat, 14 May 2022 03:56:27 GMT
10:56:28.526 [main] DEBUG org.apache.http.headers - << Content-Type: application/json
10:56:28.526 [main] DEBUG org.apache.http.headers - << Content-Length: 124
10:56:28.526 [main] DEBUG org.apache.http.headers - << Connection: keep-alive
10:56:28.526 [main] DEBUG org.apache.http.impl.client.DefaultHttpClient - Connection can be kept alive indefinitely
10:56:28.526 [main] DEBUG io.restassured.internal.RequestSpecificationImpl$RestAssuredHttpBuilder - Parsing response as: application/json
10:56:28.526 [main] DEBUG io.restassured.internal.RequestSpecificationImpl$RestAssuredHttpBuilder - Parsed data to instance of: class org.apache.http.conn.EofSensorInputStream
10:56:28.528 [main] DEBUG org.apache.http.wire -  << "{"error":"ERROR: new row for relation \"categories\" violates check constraint \"categories_name_check\" (SQLSTATE 23514)"}[\n]"
10:56:28.528 [main] DEBUG org.apache.http.impl.conn.BasicClientConnectionManager - Releasing connection org.apache.http.impl.conn.ManagedClientConnectionImpl@60928a61
10:56:28.528 [main] DEBUG org.apache.http.impl.conn.BasicClientConnectionManager - Connection can be kept alive indefinitely
10:56:28.528 [main] DEBUG net.thucydides.core.steps.StepInterceptor - STEP DONE: I create New Category without body
  &amp#27;[32mWhen &amp#27;[0m&amp#27;[32mI create New Category without body&amp#27;[0m     &amp#27;[90m# starter.stepdefinitions.CreateSteps.createNewCategoryWithoutBody()&amp#27;[0m
10:56:28.530 [main] DEBUG net.thucydides.core.steps.StepInterceptor - STARTING STEP: CreateSteps.getInvalidHTTPCategory500 - I receive valid HTTP response code 500
10:56:28.531 [main] DEBUG net.thucydides.core.steps.StepInterceptor - STEP DONE: I receive valid HTTP response code 500
  &amp#27;[32mAnd &amp#27;[0m&amp#27;[32mI receive valid HTTP response code 500&amp#27;[0m  &amp#27;[90m# starter.stepdefinitions.CreateSteps.getInvalidHTTPCategory500()&amp#27;[0m
10:56:28.532 [main] INFO  - 
  _____   ___   ___   _____     ___     _     ___   ___   ___   ___  
 |_   _| | __| / __| |_   _|   | _ \   /_\   / __| / __| | __| |   \ 
   | |   | _|  \__ \   | |     |  _/  / _ \  \__ \ \__ \ | _|  | |) |
   |_|   |___| |___/   |_|     |_|   /_/ \_\ |___/ |___/ |___| |___/ 

Failed Create Category Without Body
----------------------------------------------------------------------
]]></system-out>
  </testcase>
  <testcase name="Create Product&apos;s Comment In AltaShop" classname="Create Product&apos;s Comments" time="0.335">
    <system-out><![CDATA[10:56:28.533 [main] INFO io.cucumber.core.plugin.SerenityReporter - Running feature from file:///D:/PERKULIAHAN/SEMESTER%206/KAMPUS%20MERDEKA/PROYEK_ALTERRA/TestingAPIALTA/src/test/resources/api/CreateComment.feature
[...]
10:56:42.309 [main] DEBUG org.apache.http.wire -  << "Content-Type: text/plain; charset=utf-8[\r][\n]"
10:56:42.309 [main] DEBUG org.apache.http.wire -  << "Content-Length: 10[\r][\n]"
10:56:42.309 [main] DEBUG org.apache.http.wire -  << "Connection: keep-alive[\r][\n]"
10:56:42.309 [main] DEBUG org.apache.http.wire -  << "[\r][\n]"
10:56:42.309 [main] DEBUG org.apache.http.impl.conn.DefaultClientConnection - Receiving response: HTTP/1.1 404 Not Found
10:56:42.309 [main] DEBUG org.apache.http.headers - << HTTP/1.1 404 Not Found
10:56:42.309 [main] DEBUG org.apache.http.headers - << Server: nginx/1.14.2
10:56:42.309 [main] DEBUG org.apache.http.headers - << Date: Sat, 14 May 2022 03:56:41 GMT
10:56:42.309 [main] DEBUG org.apache.http.headers - << Content-Type: text/plain; charset=utf-8
10:56:42.309 [main] DEBUG org.apache.http.headers - << Content-Length: 10
10:56:42.309 [main] DEBUG org.apache.http.headers - << Connection: keep-alive
10:56:42.309 [main] DEBUG org.apache.http.impl.client.DefaultHttpClient - Connection can be kept alive indefinitely
10:56:42.309 [main] DEBUG io.restassured.internal.RequestSpecificationImpl$RestAssuredHttpBuilder - Parsing response as: text/plain; charset=utf-8
10:56:42.309 [main] DEBUG io.restassured.internal.RequestSpecificationImpl$RestAssuredHttpBuilder - Parsed data to instance of: class org.apache.http.conn.EofSensorInputStream
10:56:42.310 [main] DEBUG org.apache.http.wire -  << "not found[\n]"
10:56:42.310 [main] DEBUG org.apache.http.impl.conn.BasicClientConnectionManager - Releasing connection org.apache.http.impl.conn.ManagedClientConnectionImpl@5444f1c3
10:56:42.310 [main] DEBUG org.apache.http.impl.conn.BasicClientConnectionManager - Connection can be kept alive indefinitely
10:56:42.310 [main] DEBUG net.thucydides.core.steps.StepInterceptor - STEP DONE: I send Wrong GET HTTP Request for get rating
  &amp#27;[32mWhen &amp#27;[0m&amp#27;[32mI send Wrong GET HTTP Request for get rating&amp#27;[0m  &amp#27;[90m# starter.stepdefinitions.GetRatingStep.getWrongHTTPRequestforRatings()&amp#27;[0m
10:56:42.313 [main] DEBUG net.thucydides.core.steps.StepInterceptor - STARTING STEP: GetSteps.validHTTPResponse - I receive valid HTTP response code 404
10:56:42.314 [main] DEBUG net.thucydides.core.steps.StepInterceptor - STEP DONE: I receive valid HTTP response code 404
  &amp#27;[32mThen &amp#27;[0m&amp#27;[32mI receive valid HTTP response code 404&amp#27;[0m        &amp#27;[90m# starter.stepdefinitions.GetSteps.validHTTPResponse()&amp#27;[0m
10:56:42.315 [main] INFO  - 
  _____   ___   ___   _____     ___     _     ___   ___   ___   ___  
 |_   _| | __| / __| |_   _|   | _ \   /_\   / __| / __| | __| |   \ 
   | |   | _|  \__ \   | |     |  _/  / _ \  \__ \ \__ \ | _|  | |) |
   |_|   |___| |___/   |_|     |_|   /_/ \_\ |___/ |___/ |___| |___/ 

Get Wrong Product's Rating In AltaShop
----------------------------------------------------------------------
]]></system-out>
  </testcase>
  <testcase name="Successful Create Account" classname="Register" time="0.264">
    <system-out><![CDATA[10:56:42.316 [main] INFO io.cucumber.core.plugin.SerenityReporter - Running feature from file:///D:/PERKULIAHAN/SEMESTER%206/KAMPUS%20MERDEKA/PROYEK_ALTERRA/TestingAPIALTA/src/test/resources/api/Register.feature
10:56:42.316 [main] WARN io.cucumber.core.plugin.SerenityReporter - Feature from file:///D:/PERKULIAHAN/SEMESTER%206/KAMPUS%20MERDEKA/PROYEK_ALTERRA/TestingAPIALTA/src/test/resources/api/Register.feature is not under the 'features' directory. Requirements report will not be correctly generated!
10:56:42.317 [main] DEBUG net.thucydides.core.steps.StepEventBus - Test suite started for story net.thucydides.core.model.Story@88bd7fde
10:56:42.317 [main] INFO  - Test Suite Started: Register

@create-new-account
Scenario: Successful Create Account               &amp#27;[90m# src/test/resources/api/Register.feature:3&amp#27;[0m
10:56:42.321 [main] INFO io.cucumber.core.plugin.SerenityReporter - Running feature from file:///D:/PERKULIAHAN/SEMESTER%206/KAMPUS%20MERDEKA/PROYEK_ALTERRA/TestingAPIALTA/src/test/resources/api/Register.feature
10:56:42.321 [main] WARN io.cucumber.core.plugin.SerenityReporter - Feature from file:///D:/PERKULIAHAN/SEMESTER%206/KAMPUS%20MERDEKA/PROYEK_ALTERRA/TestingAPIALTA/src/test/resources/api/Register.feature is not under the 'features' directory. Requirements report will not be correctly generated!
10:56:42.322 [main] INFO  - 
  _____   ___   ___   _____     ___   _____     _     ___   _____   ___   ___  
 |_   _| | __| / __| |_   _|   / __| |_   _|   /_\   | _ \ |_   _| | __| |   \ 
   | |   | _|  \__ \   | |     \__ \   | |    / _ \  |   /   | |   | _|  | |) |
   |_|   |___| |___/   |_|     |___/   |_|   /_/ \_\ |_|_\   |_|   |___| |___/ 

Successful Create Account(register;successful-create-account)
--------------------------------------------------------------------------------
10:56:42.330 [main] DEBUG net.thucydides.core.steps.StepInterceptor - STARTING STEP: RegisterStep.setRegister - I set POST api endpoints for make account
10:56:42.330 [main] DEBUG net.thucydides.core.steps.StepInterceptor - STEP DONE: I set POST api endpoints for make account
  &amp#27;[32mGiven &amp#27;[0m&amp#27;[32mI set POST api endpoints for make account&amp#27;[0m &amp#27;[90m# starter.stepdefinitions.RegisterStep.setRegister()&amp#27;[0m
10:56:42.333 [main] DEBUG net.thucydides.core.steps.StepInterceptor - STARTING STEP: RegisterStep.createNewAccount - I create new account
10:56:42.333 [main] DEBUG net.thucydides.core.steps.StepInterceptor - STARTING STEP: Register.createNewAccount - I set POST api endpoints for make account
10:56:42.333 [main] DEBUG net.thucydides.core.steps.StepInterceptor - STEP DONE: I set POST api endpoints for make account
10:56:42.338 [main] DEBUG org.apache.http.impl.conn.BasicClientConnectionManager - Get connection for route {s}->https://be-qa.alta.id:443
10:56:42.338 [main] DEBUG org.apache.http.impl.conn.DefaultClientConnectionOperator - Connecting to be-qa.alta.id:443
10:56:42.521 [main] DEBUG org.apache.http.client.protocol.RequestAddCookies - CookieSpec selected: ignoreCookies
10:56:42.521 [main] DEBUG org.apache.http.client.protocol.RequestAuthCache - Auth cache not set in the context
10:56:42.521 [main] DEBUG org.apache.http.client.protocol.RequestTargetAuthentication - Target auth state: UNCHALLENGED
10:56:42.521 [main] DEBUG org.apache.http.client.protocol.RequestProxyAuthentication - Proxy auth state: UNCHALLENGED
10:56:42.521 [main] DEBUG org.apache.http.impl.client.DefaultHttpClient - Attempt 1 to execute request
10:56:42.521 [main] DEBUG org.apache.http.impl.conn.DefaultClientConnection - Sending request: POST /api/auth/register HTTP/1.1
10:56:42.521 [main] DEBUG org.apache.http.wire -  >> "POST /api/auth/register HTTP/1.1[\r][\n]"
10:56:42.521 [main] DEBUG org.apache.http.wire -  >> "Accept: */*[\r][\n]"
10:56:42.521 [main] DEBUG org.apache.http.wire -  >> "Content-Type: application/json[\r][\n]"
10:56:42.521 [main] DEBUG org.apache.http.wire -  >> "Content-Length: 93[\r][\n]"
10:56:42.521 [main] DEBUG org.apache.http.wire -  >> "Host: be-qa.alta.id[\r][\n]"
10:56:42.521 [main] DEBUG org.apache.http.wire -  >> "Connection: Keep-Alive[\r][\n]"
10:56:42.521 [main] DEBUG org.apache.http.wire -  >> "User-Agent: Apache-HttpClient/4.5.13 (Java/1.8.0_241)[\r][\n]"
10:56:42.521 [main] DEBUG org.apache.http.wire -  >> "Accept-Encoding: gzip,deflate[\r][\n]"
10:56:42.521 [main] DEBUG org.apache.http.wire -  >> "[\r][\n]"
10:56:42.521 [main] DEBUG org.apache.http.headers - >> POST /api/auth/register HTTP/1.1
10:56:42.521 [main] DEBUG org.apache.http.headers - >> Accept: */*
10:56:42.521 [main] DEBUG org.apache.http.headers - >> Content-Type: application/json
10:56:42.521 [main] DEBUG org.apache.http.headers - >> Content-Length: 93
10:56:42.521 [main] DEBUG org.apache.http.headers - >> Host: be-qa.alta.id
10:56:42.521 [main] DEBUG org.apache.http.headers - >> Connection: Keep-Alive
10:56:42.521 [main] DEBUG org.apache.http.headers - >> User-Agent: Apache-HttpClient/4.5.13 (Java/1.8.0_241)
10:56:42.521 [main] DEBUG org.apache.http.headers - >> Accept-Encoding: gzip,deflate
10:56:42.521 [main] DEBUG org.apache.http.wire -  >> "{"password":"anitasiagian123","fullname":"Anita Siagian","email":"anitabless!121!@gmail.com"}"
10:56:42.559 [main] DEBUG org.apache.http.wire -  << "HTTP/1.1 200 OK[\r][\n]"
10:56:42.559 [main] DEBUG org.apache.http.wire -  << "Server: nginx/1.14.2[\r][\n]"
10:56:42.559 [main] DEBUG org.apache.http.wire -  << "Date: Sat, 14 May 2022 03:56:41 GMT[\r][\n]"
10:56:42.559 [main] DEBUG org.apache.http.wire -  << "Content-Type: application/json[\r][\n]"
10:56:42.559 [main] DEBUG org.apache.http.wire -  << "Content-Length: 113[\r][\n]"
10:56:42.559 [main] DEBUG org.apache.http.wire -  << "Connection: keep-alive[\r][\n]"
10:56:42.559 [main] DEBUG org.apache.http.wire -  << "[\r][\n]"
10:56:42.560 [main] DEBUG org.apache.http.impl.conn.DefaultClientConnection - Receiving response: HTTP/1.1 200 OK
10:56:42.560 [main] DEBUG org.apache.http.headers - << HTTP/1.1 200 OK
10:56:42.560 [main] DEBUG org.apache.http.headers - << Server: nginx/1.14.2
10:56:42.560 [main] DEBUG org.apache.http.headers - << Date: Sat, 14 May 2022 03:56:41 GMT
10:56:42.560 [main] DEBUG org.apache.http.headers - << Content-Type: application/json
10:56:42.560 [main] DEBUG org.apache.http.headers - << Content-Length: 113
10:56:42.560 [main] DEBUG org.apache.http.headers - << Connection: keep-alive
10:56:42.560 [main] DEBUG org.apache.http.impl.client.DefaultHttpClient - Connection can be kept alive indefinitely
10:56:42.560 [main] DEBUG io.restassured.internal.RequestSpecificationImpl$RestAssuredHttpBuilder - Parsing response as: application/json
10:56:42.560 [main] DEBUG io.restassured.internal.RequestSpecificationImpl$RestAssuredHttpBuilder - Parsed data to instance of: class org.apache.http.conn.EofSensorInputStream
10:56:42.560 [main] DEBUG org.apache.http.wire -  << "{"data":{"ID":4175,"Fullname":"Anita Siagian","Email":"anitabless!121!@gmail.com","Password":"anitasiagian123"}}[\n]"
10:56:42.560 [main] DEBUG org.apache.http.impl.conn.BasicClientConnectionManager - Releasing connection org.apache.http.impl.conn.ManagedClientConnectionImpl@42474b18
10:56:42.560 [main] DEBUG org.apache.http.impl.conn.BasicClientConnectionManager - Connection can be kept alive indefinitely
10:56:42.561 [main] DEBUG net.thucydides.core.steps.StepInterceptor - STEP DONE: I create new account
  &amp#27;[32mWhen &amp#27;[0m&amp#27;[32mI create new account&amp#27;[0m                       &amp#27;[90m# starter.stepdefinitions.RegisterStep.createNewAccount()&amp#27;[0m
10:56:42.564 [main] DEBUG net.thucydides.core.steps.StepInterceptor - STARTING STEP: GetSteps.getValidHTTP - I receive valid HTTP response code 200
10:56:42.565 [main] DEBUG net.thucydides.core.steps.StepInterceptor - STEP DONE: I receive valid HTTP response code 200
  &amp#27;[32mAnd &amp#27;[0m&amp#27;[32mI receive valid HTTP response code 200&amp#27;[0m      &amp#27;[90m# starter.stepdefinitions.GetSteps.getValidHTTP()&amp#27;[0m
10:56:42.566 [main] DEBUG net.thucydides.core.steps.StepInterceptor - STARTING STEP: RegisterStep.validRegister - I receive valid data for new account
10:56:42.580 [main] DEBUG net.thucydides.core.steps.StepInterceptor - STEP DONE: I receive valid data for new account
  &amp#27;[32mThen &amp#27;[0m&amp#27;[32mI receive valid data for new account&amp#27;[0m       &amp#27;[90m# starter.stepdefinitions.RegisterStep.validRegister()&amp#27;[0m
10:56:42.581 [main] INFO  - 
  _____   ___   ___   _____     ___     _     ___   ___   ___   ___  
 |_   _| | __| / __| |_   _|   | _ \   /_\   / __| / __| | __| |   \ 
   | |   | _|  \__ \   | |     |  _/  / _ \  \__ \ \__ \ | _|  | |) |
   |_|   |___| |___/   |_|     |_|   /_/ \_\ |___/ |___/ |___| |___/ 

Successful Create Account
----------------------------------------------------------------------
]]></system-out>
  </testcase>
  <testcase name="Failed to Create Account" classname="Register" time="0.274">
    <system-out><![CDATA[
@failed-create-account
Scenario: Failed to Create Account                &amp#27;[90m# src/test/resources/api/Register.feature:10&amp#27;[0m
10:56:42.585 [main] INFO io.cucumber.core.plugin.SerenityReporter - Running feature from file:///D:/PERKULIAHAN/SEMESTER%206/KAMPUS%20MERDEKA/PROYEK_ALTERRA/TestingAPIALTA/src/test/resources/api/Register.feature
10:56:42.585 [main] WARN io.cucumber.core.plugin.SerenityReporter - Feature from file:///D:/PERKULIAHAN/SEMESTER%206/KAMPUS%20MERDEKA/PROYEK_ALTERRA/TestingAPIALTA/src/test/resources/api/Register.feature is not under the 'features' directory. Requirements report will not be correctly generated!
10:56:42.586 [main] INFO  - 
  _____   ___   ___   _____     ___   _____     _     ___   _____   ___   ___  
 |_   _| | __| / __| |_   _|   / __| |_   _|   /_\   | _ \ |_   _| | __| |   \ 
   | |   | _|  \__ \   | |     \__ \   | |    / _ \  |   /   | |   | _|  | |) |
   |_|   |___| |___/   |_|     |___/   |_|   /_/ \_\ |_|_\   |_|   |___| |___/ 

Failed to Create Account(register;failed-to-create-account)
--------------------------------------------------------------------------------
10:56:42.589 [main] DEBUG net.thucydides.core.steps.StepInterceptor - STARTING STEP: RegisterStep.setRegister - I set POST api endpoints for make account
10:56:42.589 [main] DEBUG net.thucydides.core.steps.StepInterceptor - STEP DONE: I set POST api endpoints for make account
  &amp#27;[32mGiven &amp#27;[0m&amp#27;[32mI set POST api endpoints for make account&amp#27;[0m &amp#27;[90m# starter.stepdefinitions.RegisterStep.setRegister()&amp#27;[0m
10:56:42.591 [main] DEBUG net.thucydides.core.steps.StepInterceptor - STARTING STEP: RegisterStep.createinvalidNewAccount - I create invalid new account
10:56:42.592 [main] DEBUG net.thucydides.core.steps.StepInterceptor - STARTING STEP: Register.createinvalidNewAccount - I set POST api endpoints for make account
10:56:42.592 [main] DEBUG net.thucydides.core.steps.StepInterceptor - STEP DONE: I set POST api endpoints for make account
10:56:42.596 [main] DEBUG org.apache.http.impl.conn.BasicClientConnectionManager - Get connection for route {s}->https://be-qa.alta.id:443
10:56:42.596 [main] DEBUG org.apache.http.impl.conn.DefaultClientConnectionOperator - Connecting to be-qa.alta.id:443
10:56:42.815 [main] DEBUG org.apache.http.client.protocol.RequestAddCookies - CookieSpec selected: ignoreCookies
10:56:42.815 [main] DEBUG org.apache.http.client.protocol.RequestAuthCache - Auth cache not set in the context
10:56:42.815 [main] DEBUG org.apache.http.client.protocol.RequestTargetAuthentication - Target auth state: UNCHALLENGED
10:56:42.815 [main] DEBUG org.apache.http.client.protocol.RequestProxyAuthentication - Proxy auth state: UNCHALLENGED
10:56:42.815 [main] DEBUG org.apache.http.impl.client.DefaultHttpClient - Attempt 1 to execute request
10:56:42.815 [main] DEBUG org.apache.http.impl.conn.DefaultClientConnection - Sending request: POST /api/auth/register HTTP/1.1
10:56:42.815 [main] DEBUG org.apache.http.wire -  >> "POST /api/auth/register HTTP/1.1[\r][\n]"
10:56:42.815 [main] DEBUG org.apache.http.wire -  >> "Accept: */*[\r][\n]"
10:56:42.815 [main] DEBUG org.apache.http.wire -  >> "Content-Type: application/json[\r][\n]"
10:56:42.815 [main] DEBUG org.apache.http.wire -  >> "Content-Length: 85[\r][\n]"
10:56:42.815 [main] DEBUG org.apache.http.wire -  >> "Host: be-qa.alta.id[\r][\n]"
10:56:42.815 [main] DEBUG org.apache.http.wire -  >> "Connection: Keep-Alive[\r][\n]"
10:56:42.815 [main] DEBUG org.apache.http.wire -  >> "User-Agent: Apache-HttpClient/4.5.13 (Java/1.8.0_241)[\r][\n]"
10:56:42.815 [main] DEBUG org.apache.http.wire -  >> "Accept-Encoding: gzip,deflate[\r][\n]"
10:56:42.815 [main] DEBUG org.apache.http.wire -  >> "[\r][\n]"
10:56:42.815 [main] DEBUG org.apache.http.headers - >> POST /api/auth/register HTTP/1.1
10:56:42.815 [main] DEBUG org.apache.http.headers - >> Accept: */*
10:56:42.815 [main] DEBUG org.apache.http.headers - >> Content-Type: application/json
10:56:42.815 [main] DEBUG org.apache.http.headers - >> Content-Length: 85
10:56:42.815 [main] DEBUG org.apache.http.headers - >> Host: be-qa.alta.id
10:56:42.815 [main] DEBUG org.apache.http.headers - >> Connection: Keep-Alive
10:56:42.815 [main] DEBUG org.apache.http.headers - >> User-Agent: Apache-HttpClient/4.5.13 (Java/1.8.0_241)
10:56:42.815 [main] DEBUG org.apache.http.headers - >> Accept-Encoding: gzip,deflate
10:56:42.815 [main] DEBUG org.apache.http.wire -  >> "{"password":"anitasiagian123","fullname":2300,"email":"anitabless12464_23@gmail.com"}"
10:56:42.850 [main] DEBUG org.apache.http.wire -  << "HTTP/1.1 400 Bad Request[\r][\n]"
10:56:42.850 [main] DEBUG org.apache.http.wire -  << "Server: nginx/1.14.2[\r][\n]"
10:56:42.850 [main] DEBUG org.apache.http.wire -  << "Date: Sat, 14 May 2022 03:56:42 GMT[\r][\n]"
10:56:42.850 [main] DEBUG org.apache.http.wire -  << "Content-Type: application/json[\r][\n]"
10:56:42.850 [main] DEBUG org.apache.http.wire -  << "Content-Length: 107[\r][\n]"
10:56:42.850 [main] DEBUG org.apache.http.wire -  << "Connection: keep-alive[\r][\n]"
10:56:42.850 [main] DEBUG org.apache.http.wire -  << "[\r][\n]"
10:56:42.850 [main] DEBUG org.apache.http.impl.conn.DefaultClientConnection - Receiving response: HTTP/1.1 400 Bad Request
10:56:42.850 [main] DEBUG org.apache.http.headers - << HTTP/1.1 400 Bad Request
10:56:42.850 [main] DEBUG org.apache.http.headers - << Server: nginx/1.14.2
10:56:42.850 [main] DEBUG org.apache.http.headers - << Date: Sat, 14 May 2022 03:56:42 GMT
10:56:42.850 [main] DEBUG org.apache.http.headers - << Content-Type: application/json
10:56:42.850 [main] DEBUG org.apache.http.headers - << Content-Length: 107
10:56:42.850 [main] DEBUG org.apache.http.headers - << Connection: keep-alive
10:56:42.850 [main] DEBUG org.apache.http.impl.client.DefaultHttpClient - Connection can be kept alive indefinitely
10:56:42.850 [main] DEBUG io.restassured.internal.RequestSpecificationImpl$RestAssuredHttpBuilder - Parsing response as: application/json
10:56:42.850 [main] DEBUG io.restassured.internal.RequestSpecificationImpl$RestAssuredHttpBuilder - Parsed data to instance of: class org.apache.http.conn.EofSensorInputStream
10:56:42.851 [main] DEBUG org.apache.http.wire -  << "{"error":"json: cannot unmarshal number into Go struct field AuthRegisterRequest.fullname of type string"}[\n]"
10:56:42.851 [main] DEBUG org.apache.http.impl.conn.BasicClientConnectionManager - Releasing connection org.apache.http.impl.conn.ManagedClientConnectionImpl@6074d638
10:56:42.851 [main] DEBUG org.apache.http.impl.conn.BasicClientConnectionManager - Connection can be kept alive indefinitely
10:56:42.851 [main] DEBUG net.thucydides.core.steps.StepInterceptor - STEP DONE: I create invalid new account
  &amp#27;[32mWhen &amp#27;[0m&amp#27;[32mI create invalid new account&amp#27;[0m               &amp#27;[90m# starter.stepdefinitions.RegisterStep.createinvalidNewAccount()&amp#27;[0m
10:56:42.854 [main] DEBUG net.thucydides.core.steps.StepInterceptor - STARTING STEP: CreateSteps.receiveValidData400 - I receive valid HTTP response code 400
10:56:42.854 [main] DEBUG net.thucydides.core.steps.StepInterceptor - STEP DONE: I receive valid HTTP response code 400
  &amp#27;[32mAnd &amp#27;[0m&amp#27;[32mI receive valid HTTP response code 400&amp#27;[0m      &amp#27;[90m# starter.stepdefinitions.CreateSteps.receiveValidData400()&amp#27;[0m
10:56:42.855 [main] INFO  - 
  _____   ___   ___   _____     ___     _     ___   ___   ___   ___  
 |_   _| | __| / __| |_   _|   | _ \   /_\   / __| / __| | __| |   \ 
   | |   | _|  \__ \   | |     |  _/  / _ \  \__ \ \__ \ | _|  | |) |
   |_|   |___| |___/   |_|     |_|   /_/ \_\ |___/ |___/ |___| |___/ 

Failed to Create Account
----------------------------------------------------------------------
]]></system-out>
  </testcase>
</testsuite>